#
# A fatal error has been detected by the Java Runtime Environment:
#
#  SIGSEGV (0xb) at pc=0x00000001ae9c06e0, pid=86611, tid=259
#
# JRE version: OpenJDK Runtime Environment Corretto-17.0.3.6.1 (17.0.3+6) (build 17.0.3+6-LTS)
# Java VM: OpenJDK 64-Bit Server VM Corretto-17.0.3.6.1 (17.0.3+6-LTS, mixed mode, sharing, tiered, compressed oops, compressed class ptrs, g1 gc, bsd-aarch64)
# Problematic frame:
# C  [CoreGraphics+0x136e0]  CGColorTransformConvertColorComponents+0x148
#
# No core dump will be written. Core dumps have been disabled. To enable core dumping, try "ulimit -c unlimited" before starting Java again
#
# If you would like to submit a bug report, please visit:
#   https://github.com/corretto/corretto-17/issues/
# The crash happened outside the Java Virtual Machine in native code.
# See problematic frame for where to report the bug.
#

---------------  S U M M A R Y ------------

Command Line: -agentlib:jdwp=transport=dt_socket,server=n,suspend=y,address=127.0.0.1:54428 -Dfile.encoding=UTF-8 -Duser.country=US -Duser.language=en -Duser.variant net.prismclient.aether.Example

Host: "MacBookAir10,1" arm64, 8 cores, 8G, Darwin 21.4.0, macOS 12.3 (21E230)
Time: Sun May  8 11:29:17 2022 PDT elapsed time: 0.806178 seconds (0d 0h 0m 0s)

---------------  T H R E A D  ---------------

Current thread (0x0000000125012000):  JavaThread "main" [_thread_in_native, id=259, stack(0x000000016d0e8000,0x000000016d8e4000)]

Stack: [0x000000016d0e8000,0x000000016d8e4000],  sp=0x000000016d8d5d50,  free space=8119k
Native frames: (J=compiled Java code, j=interpreted, Vv=VM code, C=native code)
C  [CoreGraphics+0x136e0]  CGColorTransformConvertColorComponents+0x148
C  [QuartzCore+0x2f0ac]  CA_CGColorGetRGBComponents+0xa0
C  [QuartzCore+0x2ef88]  _ZN2CA6RenderL24convert_cgcolor_to_floatEP7CGColorP12CGColorSpacePfPPNS0_7PatternE+0x118
C  [QuartzCore+0x2c950]  -[CALayer(CALayerPrivate) _copyRenderLayer:layerFlags:commitFlags:]+0x132c
C  [QuartzCore+0x33344]  -[CABackdropLayer _copyRenderLayer:layerFlags:commitFlags:]+0x54
C  [QuartzCore+0x1708c0]  ___ZN2CA7Context18commit_transactionEPNS_11TransactionEdPd_block_invoke+0xfc
C  [QuartzCore+0x2b5b8]  _ZN2CA5Layer16commit_if_neededEPNS_11TransactionEU13block_pointerFvPS0_jjE+0x170
C  [QuartzCore+0x2b544]  _ZN2CA5Layer16commit_if_neededEPNS_11TransactionEU13block_pointerFvPS0_jjE+0xfc
C  [QuartzCore+0x2b544]  _ZN2CA5Layer16commit_if_neededEPNS_11TransactionEU13block_pointerFvPS0_jjE+0xfc
C  [QuartzCore+0x2b544]  _ZN2CA5Layer16commit_if_neededEPNS_11TransactionEU13block_pointerFvPS0_jjE+0xfc
C  [QuartzCore+0x2b544]  _ZN2CA5Layer16commit_if_neededEPNS_11TransactionEU13block_pointerFvPS0_jjE+0xfc
C  [QuartzCore+0x2b544]  _ZN2CA5Layer16commit_if_neededEPNS_11TransactionEU13block_pointerFvPS0_jjE+0xfc
C  [QuartzCore+0x2b544]  _ZN2CA5Layer16commit_if_neededEPNS_11TransactionEU13block_pointerFvPS0_jjE+0xfc
C  [QuartzCore+0x2b544]  _ZN2CA5Layer16commit_if_neededEPNS_11TransactionEU13block_pointerFvPS0_jjE+0xfc
C  [QuartzCore+0x16df5c]  _ZN2CA7Context18commit_transactionEPNS_11TransactionEdPd+0x16f0
C  [QuartzCore+0x2d1c]  _ZN2CA11Transaction6commitEv+0x2c0
C  [AppKit+0x1acd30]  __62+[CATransaction(NSCATransaction) NS_setFlushesWithDisplayLink]_block_invoke+0x130
C  [AppKit+0x910e60]  ___NSRunLoopObserverCreateWithHandler_block_invoke+0x40
C  [CoreFoundation+0x83bb0]  __CFRUNLOOP_IS_CALLING_OUT_TO_AN_OBSERVER_CALLBACK_FUNCTION__+0x24
C  [CoreFoundation+0x83a00]  __CFRunLoopDoObservers+0x250
C  [CoreFoundation+0x82f34]  __CFRunLoopRun+0x304
C  [CoreFoundation+0x82490]  CFRunLoopRunSpecific+0x258
C  [HIToolbox+0x33dd8]  RunCurrentEventLoopInMode+0x124
C  [HIToolbox+0x33a64]  ReceiveNextEventCommon+0x144
C  [HIToolbox+0x33908]  _BlockUntilNextEventMatchingListInModeWithFilter+0x48
C  [AppKit+0x41bcc]  _DPSNextEvent+0x35c
C  [AppKit+0x404c4]  -[NSApplication(NSEvent) _nextEventMatchingEventMask:untilDate:inMode:dequeue:]+0x530
C  [libglfw.dylib+0x144cc]
j  org.lwjgl.system.JNI.invokeV(J)V+0
j  org.lwjgl.glfw.GLFW.glfwPollEvents()V+5
j  net.prismclient.aether.Example.main([Ljava/lang/String;)V+490
v  ~StubRoutines::call_stub
V  [libjvm.dylib+0x46bf5c]  _ZN9JavaCalls11call_helperEP9JavaValueRK12methodHandleP17JavaCallArgumentsP10JavaThread+0x390
V  [libjvm.dylib+0x4d0898]  _ZL17jni_invoke_staticP7JNIEnv_P9JavaValueP8_jobject11JNICallTypeP10_jmethodIDP18JNI_ArgumentPusherP10JavaThread+0x110
V  [libjvm.dylib+0x4d3f1c]  jni_CallStaticVoidMethod+0x130
C  [libjli.dylib+0x5310]  JavaMain+0xa80
C  [libjli.dylib+0x7874]  __JVMInit_block_invoke+0x50
C  [Foundation+0x4480c]  __NSBLOCKOPERATION_IS_CALLING_OUT_TO_A_BLOCK__+0x18
C  [Foundation+0x446b4]  -[NSBlockOperation main]+0x68
C  [Foundation+0x44644]  __NSOPERATION_IS_INVOKING_MAIN__+0x18
C  [Foundation+0x438dc]  -[NSOperation start]+0x314
C  [Foundation+0x852c4]  __NSThreadPerformPerform+0xd4
C  [CoreFoundation+0x849a0]  __CFRUNLOOP_IS_CALLING_OUT_TO_A_SOURCE0_PERFORM_FUNCTION__+0x1c
C  [CoreFoundation+0x848ec]  __CFRunLoopDoSource0+0xd0
C  [CoreFoundation+0x845ec]  __CFRunLoopDoSources0+0x10c
C  [CoreFoundation+0x82f6c]  __CFRunLoopRun+0x33c
C  [CoreFoundation+0x82490]  CFRunLoopRunSpecific+0x258
C  [libjli.dylib+0x6f10]  CreateExecutionEnvironment+0x194
C  [libjli.dylib+0x30fc]  JLI_Launch+0x498
C  [java+0x3bac]  main+0x198
C  0x00000001025d1088

Java frames: (J=compiled Java code, j=interpreted, Vv=VM code)
j  org.lwjgl.system.JNI.invokeV(J)V+0
j  org.lwjgl.glfw.GLFW.glfwPollEvents()V+5
j  net.prismclient.aether.Example.main([Ljava/lang/String;)V+490
v  ~StubRoutines::call_stub

siginfo: si_signo: 11 (SIGSEGV), si_code: 2 (SEGV_ACCERR), si_addr: 0x00000004636e746c

Register to memory mapping:

 x0=0x0000600003c658b8 points into unknown readable memory: 0x8ebd3b4550be858f | 8f 85 be 50 45 3b bd 8e
 x1=0x0000600003364de0 points into unknown readable memory: 0x0100000201be1c01 | 01 1c be 01 02 00 00 01
 x2=0x000000016d8d5d68 is pointing into the stack for thread: 0x0000000125012000
 x3=0x00000001ae9c0ae0: __create_resolved_source_space_block_invoke+0 in /System/Library/Frameworks/CoreGraphics.framework/Versions/A/CoreGraphics at 0x00000001ae9ad000
 x4=0x000000016d8d5e20 is pointing into the stack for thread: 0x0000000125012000
 x5=0x0000000000000004 is an unknown value
 x6=0x706f72646b636162 is an unknown value
 x7=0x0 is NULL
 x8=0x0000600003c658b8 points into unknown readable memory: 0x8ebd3b4550be858f | 8f 85 be 50 45 3b bd 8e
 x9=0x0 is NULL
x10=0x000060000334c198 points into unknown readable memory: 0x0000000000264b07 | 07 4b 26 00 00 00 00 00
x11=0x0000000000264b07 is an unknown value
x12=0x0000000000000002 is an unknown value
x13=0x0 is NULL
x14=0x00000001a910c000 points into unknown readable memory: 0x2031765f646c7964 | 64 79 6c 64 5f 76 31 20
x15=0x00000002021520b8: OBJC_CLASS_$_CALayer+0 in /System/Library/Frameworks/QuartzCore.framework/Versions/A/QuartzCore at 0x00000001b0360000
x16=0x00000001a94307c0: pthread_mutex_lock+0 in /usr/lib/system/libsystem_pthread.dylib at 0x00000001a942f000
x17=0x0000000202966e98: <offset 0x53fb9e98> in /System/Library/Frameworks/CoreGraphics.framework/Versions/A/CoreGraphics at 0x00000001ae9ad000
x18=0x0 is NULL
x19=0x000000016d8d5e20 is pointing into the stack for thread: 0x0000000125012000
x20=0x0000600003364de0 points into unknown readable memory: 0x0100000201be1c01 | 01 1c be 01 02 00 00 01
x21=0x000060000336dae0 points into unknown readable memory: 0x0000000000000000 | 00 00 00 00 00 00 00 00
x22=0x0 is NULL
x23=0x0000600003c50230 points into unknown readable memory: 0x0100000201be1c01 | 01 1c be 01 02 00 00 01
x24=0x000060000334c180 points into unknown readable memory: 0x000000004d55545a | 5a 54 55 4d 00 00 00 00
x25=0x0000600003963000 points into unknown readable memory: 0x0100000201be1c01 | 01 1c be 01 02 00 00 01
x26=0x00000004636e746c is an unknown value
x27=0x000060000153a420 points into unknown readable memory: 0x00000004636e746c | 6c 74 6e 63 04 00 00 00
x28=0x000000016d8d60c4 is pointing into the stack for thread: 0x0000000125012000


Registers:
 x0=0x0000600003c658b8  x1=0x0000600003364de0  x2=0x000000016d8d5d68  x3=0x00000001ae9c0ae0
 x4=0x000000016d8d5e20  x5=0x0000000000000004  x6=0x706f72646b636162  x7=0x0000000000000000
 x8=0x0000600003c658b8  x9=0x0000000000000000 x10=0x000060000334c198 x11=0x0000000000264b07
x12=0x0000000000000002 x13=0x0000000000000000 x14=0x00000001a910c000 x15=0x00000002021520b8
x16=0x00000001a94307c0 x17=0x0000000202966e98 x18=0x0000000000000000 x19=0x000000016d8d5e20
x20=0x0000600003364de0 x21=0x000060000336dae0 x22=0x0000000000000000 x23=0x0000600003c50230
x24=0x000060000334c180 x25=0x0000600003963000 x26=0x00000004636e746c x27=0x000060000153a420
x28=0x000000016d8d60c4  fp=0x000000016d8d5dd0  lr=0x00000001ae9c06cc  sp=0x000000016d8d5d50
pc=0x00000001ae9c06e0 cpsr=0x0000000020001000
Top of Stack: (sp=0x000000016d8d5d50)
0x000000016d8d5d50:   000000016d8d5d70 00000002020df658
0x000000016d8d5d60:   0000000040000000 00000001ae9c0ae0
0x000000016d8d5d70:   00000002017e3f00 0000600003c50230
0x000000016d8d5d80:   000000016d8d60c4 00000001239fb078
0x000000016d8d5d90:   00000001f34f6ab1 000000016d8d5f50
0x000000016d8d5da0:   0000600003362940 0000600003364de0
0x000000016d8d5db0:   0000600003c50230 000060000336dae0
0x000000016d8d5dc0:   000060000336daa0 000000016d8d5e20
0x000000016d8d5dd0:   000000016d8d5e10 c7510001b038f0ac
0x000000016d8d5de0:   0000600003362940 000000000000010f
0x000000016d8d5df0:   000060000336daa0 000000016d8d5ed0
0x000000016d8d5e00:   0000600003362940 000000016d8d5f50
0x000000016d8d5e10:   000000016d8d5e80 6e160001b038ef88
0x000000016d8d5e20:   0000000000000000 0000000000000000
0x000000016d8d5e30:   0000000000000000 0000000000000000
0x000000016d8d5e40:   0000000122d062e4 ea965c565cd100ca
0x000000016d8d5e50:   0000600003362940 0000000122b04390
0x000000016d8d5e60:   0000000122d062e4 00006000017f7b80
0x000000016d8d5e70:   0000000122d062c0 0000000002300019
0x000000016d8d5e80:   000000016d8d6050 1f660001b038c950
0x000000016d8d5e90:   0000000000000001 0000000000000010
0x000000016d8d5ea0:   0000000122d062d0 0000000122d062f0
0x000000016d8d5eb0:   0000600003364de0 023000196d8d60a0
0x000000016d8d5ec0:   00000001239fb000 0000000122a30008
0x000000016d8d5ed0:   0000000000000000 0000000000000000
0x000000016d8d5ee0:   0000000000000138 0000000122a2c000
0x000000016d8d5ef0:   000000016d8d5f40 b5708001a9247200
0x000000016d8d5f00:   0000600003362940 0000000000000000
0x000000016d8d5f10:   0000000122d062e4 0000000122a2c000
0x000000016d8d5f20:   0000000122a38a00 0000000122a30080
0x000000016d8d5f30:   0000000000000002 0000000122a3bc00
0x000000016d8d5f40:   000000016d8d6000 cf058001a9246580 

Instructions: (pc=0x00000001ae9c06e0)
0x00000001ae9c05e0:   f9422d08 b100051f 54001b01 b0299128
0x00000001ae9c05f0:   f9422908 eb08031f 54000de1 b4000d15
0x00000001ae9c0600:   b4000cf3 910023e8 d0296fb0 f9453210
0x00000001ae9c0610:   aa0803f1 f2ed5c31 dac10a30 f90007f0
0x00000001ae9c0620:   b0001e89 fd47f920 fd000be0 91004108
0x00000001ae9c0630:   90000010 912b8210 dac10110 f0297108
0x00000001ae9c0640:   913c0108 a901a3f0 f90017f7 910023e1
0x00000001ae9c0650:   aa1403e0 940000c3 aa0003f4 aa1703e0
0x00000001ae9c0660:   97ffffa7 97ffffca 97fffe54 aa0003f8
0x00000001ae9c0670:   aa1403e0 97fffe51 eb00031f 54000a00
0x00000001ae9c0680:   b4000118 b40000e0 a9402708 a9402c0a
0x00000001ae9c0690:   ca0a0108 ca0b0129 aa090108 b4000908
0x00000001ae9c06a0:   aa1703e0 97ffff96 aa0003f9 f9402ef8
0x00000001ae9c06b0:   aa1803e0 940f42ab f9402b1b b400049b
0x00000001ae9c06c0:   f940037a aa1403e0 97fffe3c eb1a001f
0x00000001ae9c06d0:   54000140 f100035f fa401804 54000340
0x00000001ae9c06e0:   a9402748 a9402c0a ca0a0108 ca0b0129
0x00000001ae9c06f0:   aa090108 b5000288 b9401348 6b16011f
0x00000001ae9c0700:   54000221 aa1403e0 97ffc20c f100101f
0x00000001ae9c0710:   540001a8 b4000a60 d1000409 91006348
0x00000001ae9c0720:   aa1503ea fc408500 fc408541 1e612000
0x00000001ae9c0730:   fa400924 d1000529 54ffff61 1e612000
0x00000001ae9c0740:   54000900 f940077b b5fffbdb aa1803e0
0x00000001ae9c0750:   940f4288 aa1403e0 97ffc194 7100181f
0x00000001ae9c0760:   540003ec aa1903e0 aa1403e1 aa1603e2
0x00000001ae9c0770:   94000123 71000c1f 54000321 aa1403e0
0x00000001ae9c0780:   97ffc1ee b4000cc0 fc4086a0 fc008660
0x00000001ae9c0790:   f1000400 54ffffa1 14000061 f0002f08
0x00000001ae9c07a0:   91222d08 f90003e8 f0002f00 9121dc00
0x00000001ae9c07b0:   940dd96f 52800000 1400005c aa1403e0
0x00000001ae9c07c0:   97ffc1de b4000ac0 fc4086a0 fc008660
0x00000001ae9c07d0:   f1000400 54ffffa1 14000051 aa1903e0 


Stack slot to memory mapping:
stack at sp + 0 slots: 0x000000016d8d5d70 is pointing into the stack for thread: 0x0000000125012000
stack at sp + 1 slots: 0x00000002020df658: _NSConcreteStackBlock+0 in /usr/lib/system/libsystem_blocks.dylib at 0x00000001a915d000
stack at sp + 2 slots: 0x0000000040000000 is an unknown value
stack at sp + 3 slots: 0x00000001ae9c0ae0: __create_resolved_source_space_block_invoke+0 in /System/Library/Frameworks/CoreGraphics.framework/Versions/A/CoreGraphics at 0x00000001ae9ad000
stack at sp + 4 slots: 0x00000002017e3f00: __block_descriptor_tmp.26+0 in /System/Library/Frameworks/CoreGraphics.framework/Versions/A/CoreGraphics at 0x00000001ae9ad000
stack at sp + 5 slots: 0x0000600003c50230 points into unknown readable memory: 0x0100000201be1c01 | 01 1c be 01 02 00 00 01
stack at sp + 6 slots: 0x000000016d8d60c4 is pointing into the stack for thread: 0x0000000125012000
stack at sp + 7 slots: 0x00000001239fb078 points into unknown readable memory: 0x0000000000000001 | 01 00 00 00 00 00 00 00


---------------  P R O C E S S  ---------------

Threads class SMR info:
_java_thread_list=0x000060000176c980, length=14, elements={
0x0000000125012000, 0x0000000124089a00, 0x0000000125054000, 0x000000012408dc00,
0x000000012408b400, 0x000000012408ba00, 0x000000012408c000, 0x000000012408c600,
0x000000012408cc00, 0x0000000124019400, 0x0000000125054e00, 0x00000001240b0a00,
0x0000000125055400, 0x0000000125056200
}

Java Threads: ( => current thread )
=>0x0000000125012000 JavaThread "main" [_thread_in_native, id=259, stack(0x000000016d0e8000,0x000000016d8e4000)]
  0x0000000124089a00 JavaThread "Reference Handler" daemon [_thread_blocked, id=14339, stack(0x000000016e5bc000,0x000000016e7bf000)]
  0x0000000125054000 JavaThread "Finalizer" daemon [_thread_blocked, id=16131, stack(0x000000016e7c8000,0x000000016e9cb000)]
  0x000000012408dc00 JavaThread "Signal Dispatcher" daemon [_thread_blocked, id=22019, stack(0x000000016eaec000,0x000000016ecef000)]
  0x000000012408b400 JavaThread "Service Thread" daemon [_thread_blocked, id=41731, stack(0x000000016ecf8000,0x000000016eefb000)]
  0x000000012408ba00 JavaThread "Monitor Deflation Thread" daemon [_thread_blocked, id=41475, stack(0x000000016ef04000,0x000000016f107000)]
  0x000000012408c000 JavaThread "C2 CompilerThread0" daemon [_thread_blocked, id=40963, stack(0x000000016f110000,0x000000016f313000)]
  0x000000012408c600 JavaThread "C1 CompilerThread0" daemon [_thread_blocked, id=22787, stack(0x000000016f31c000,0x000000016f51f000)]
  0x000000012408cc00 JavaThread "Sweeper thread" daemon [_thread_blocked, id=40451, stack(0x000000016f528000,0x000000016f72b000)]
  0x0000000124019400 JavaThread "JDWP Transport Listener: dt_socket" daemon [_thread_blocked, id=23303, stack(0x000000016f734000,0x000000016f937000)]
  0x0000000125054e00 JavaThread "JDWP Event Helper Thread" daemon [_thread_blocked, id=23811, stack(0x000000016f940000,0x000000016fb43000)]
  0x00000001240b0a00 JavaThread "JDWP Command Reader" daemon [_thread_in_native, id=24067, stack(0x000000016fb4c000,0x000000016fd4f000)]
  0x0000000125055400 JavaThread "Notification Thread" daemon [_thread_blocked, id=39683, stack(0x000000016fd58000,0x000000016ff5b000)]
  0x0000000125056200 JavaThread "Common-Cleaner" daemon [_thread_blocked, id=38915, stack(0x0000000170170000,0x0000000170373000)]

Other Threads:
  0x000000012480a4f0 VMThread "VM Thread" [stack: 0x000000016e3b0000,0x000000016e5b3000] [id=16387]
  0x0000000122f15fc0 WatcherThread [stack: 0x000000016ff64000,0x0000000170167000] [id=24323]
  0x0000000124806940 GCTaskThread "GC Thread#0" [stack: 0x000000016d974000,0x000000016db77000] [id=19715]
  0x0000000122f04fb0 ConcurrentGCThread "G1 Main Marker" [stack: 0x000000016db80000,0x000000016dd83000] [id=19459]
  0x0000000122f05830 ConcurrentGCThread "G1 Conc#0" [stack: 0x000000016dd8c000,0x000000016df8f000] [id=12291]
  0x0000000122f076a0 ConcurrentGCThread "G1 Refine#0" [stack: 0x000000016df98000,0x000000016e19b000] [id=12547]
  0x0000000122f07f40 ConcurrentGCThread "G1 Service" [stack: 0x000000016e1a4000,0x000000016e3a7000] [id=13059]

Threads with active compile tasks:

VM state: not at safepoint (normal execution)

VM Mutex/Monitor currently owned by a thread: None

Heap address: 0x0000000780000000, size: 2048 MB, Compressed Oops mode: Zero based, Oop shift amount: 3

CDS archive(s) mapped at: [0x0000000800000000-0x0000000800bd4000-0x0000000800bd4000), size 12402688, SharedBaseAddress: 0x0000000800000000, ArchiveRelocationMode: 0.
Compressed class space mapped at: 0x0000000800c00000-0x0000000840c00000, reserved size: 1073741824
Narrow klass base: 0x0000000800000000, Narrow klass shift: 0, Narrow klass range: 0x100000000

GC Precious Log:
 CPUs: 8 total, 8 available
 Memory: 8192M
 Large Page Support: Disabled
 NUMA Support: Disabled
 Compressed Oops: Enabled (Zero based)
 Heap Region Size: 1M
 Heap Min Capacity: 8M
 Heap Initial Capacity: 128M
 Heap Max Capacity: 2G
 Pre-touch: Disabled
 Parallel Workers: 8
 Concurrent Workers: 2
 Concurrent Refinement Workers: 8
 Periodic GC: Disabled

Heap:
 garbage-first heap   total 133120K, used 17376K [0x0000000780000000, 0x0000000800000000)
  region size 1024K, 13 young (13312K), 0 survivors (0K)
 Metaspace       used 3884K, committed 4032K, reserved 1056768K
  class space    used 253K, committed 320K, reserved 1048576K

Heap Regions: E=young(eden), S=young(survivor), O=old, HS=humongous(starts), HC=humongous(continues), CS=collection set, F=free, OA=open archive, CA=closed archive, TAMS=top-at-mark-start (previous, next)
|   0|0x0000000780000000, 0x0000000780100000, 0x0000000780100000|100%|HS|  |TAMS 0x0000000780000000, 0x0000000780000000| Complete 
|   1|0x0000000780100000, 0x0000000780200000, 0x0000000780200000|100%|HS|  |TAMS 0x0000000780100000, 0x0000000780100000| Complete 
|   2|0x0000000780200000, 0x0000000780300000, 0x0000000780300000|100%|HC|  |TAMS 0x0000000780200000, 0x0000000780200000| Complete 
|   3|0x0000000780300000, 0x0000000780400000, 0x0000000780400000|100%|HS|  |TAMS 0x0000000780300000, 0x0000000780300000| Complete 
|   4|0x0000000780400000, 0x0000000780500000, 0x0000000780500000|100%|HC|  |TAMS 0x0000000780400000, 0x0000000780400000| Complete 
|   5|0x0000000780500000, 0x0000000780500000, 0x0000000780600000|  0%| F|  |TAMS 0x0000000780500000, 0x0000000780500000| Untracked 
|   6|0x0000000780600000, 0x0000000780600000, 0x0000000780700000|  0%| F|  |TAMS 0x0000000780600000, 0x0000000780600000| Untracked 
|   7|0x0000000780700000, 0x0000000780700000, 0x0000000780800000|  0%| F|  |TAMS 0x0000000780700000, 0x0000000780700000| Untracked 
|   8|0x0000000780800000, 0x0000000780800000, 0x0000000780900000|  0%| F|  |TAMS 0x0000000780800000, 0x0000000780800000| Untracked 
|   9|0x0000000780900000, 0x0000000780900000, 0x0000000780a00000|  0%| F|  |TAMS 0x0000000780900000, 0x0000000780900000| Untracked 
|  10|0x0000000780a00000, 0x0000000780a00000, 0x0000000780b00000|  0%| F|  |TAMS 0x0000000780a00000, 0x0000000780a00000| Untracked 
|  11|0x0000000780b00000, 0x0000000780b00000, 0x0000000780c00000|  0%| F|  |TAMS 0x0000000780b00000, 0x0000000780b00000| Untracked 
|  12|0x0000000780c00000, 0x0000000780c00000, 0x0000000780d00000|  0%| F|  |TAMS 0x0000000780c00000, 0x0000000780c00000| Untracked 
|  13|0x0000000780d00000, 0x0000000780d00000, 0x0000000780e00000|  0%| F|  |TAMS 0x0000000780d00000, 0x0000000780d00000| Untracked 
|  14|0x0000000780e00000, 0x0000000780e00000, 0x0000000780f00000|  0%| F|  |TAMS 0x0000000780e00000, 0x0000000780e00000| Untracked 
|  15|0x0000000780f00000, 0x0000000780f00000, 0x0000000781000000|  0%| F|  |TAMS 0x0000000780f00000, 0x0000000780f00000| Untracked 
|  16|0x0000000781000000, 0x0000000781000000, 0x0000000781100000|  0%| F|  |TAMS 0x0000000781000000, 0x0000000781000000| Untracked 
|  17|0x0000000781100000, 0x0000000781100000, 0x0000000781200000|  0%| F|  |TAMS 0x0000000781100000, 0x0000000781100000| Untracked 
|  18|0x0000000781200000, 0x0000000781200000, 0x0000000781300000|  0%| F|  |TAMS 0x0000000781200000, 0x0000000781200000| Untracked 
|  19|0x0000000781300000, 0x0000000781300000, 0x0000000781400000|  0%| F|  |TAMS 0x0000000781300000, 0x0000000781300000| Untracked 
|  20|0x0000000781400000, 0x0000000781400000, 0x0000000781500000|  0%| F|  |TAMS 0x0000000781400000, 0x0000000781400000| Untracked 
|  21|0x0000000781500000, 0x0000000781500000, 0x0000000781600000|  0%| F|  |TAMS 0x0000000781500000, 0x0000000781500000| Untracked 
|  22|0x0000000781600000, 0x0000000781600000, 0x0000000781700000|  0%| F|  |TAMS 0x0000000781600000, 0x0000000781600000| Untracked 
|  23|0x0000000781700000, 0x0000000781700000, 0x0000000781800000|  0%| F|  |TAMS 0x0000000781700000, 0x0000000781700000| Untracked 
|  24|0x0000000781800000, 0x0000000781800000, 0x0000000781900000|  0%| F|  |TAMS 0x0000000781800000, 0x0000000781800000| Untracked 
|  25|0x0000000781900000, 0x0000000781900000, 0x0000000781a00000|  0%| F|  |TAMS 0x0000000781900000, 0x0000000781900000| Untracked 
|  26|0x0000000781a00000, 0x0000000781a00000, 0x0000000781b00000|  0%| F|  |TAMS 0x0000000781a00000, 0x0000000781a00000| Untracked 
|  27|0x0000000781b00000, 0x0000000781b00000, 0x0000000781c00000|  0%| F|  |TAMS 0x0000000781b00000, 0x0000000781b00000| Untracked 
|  28|0x0000000781c00000, 0x0000000781c00000, 0x0000000781d00000|  0%| F|  |TAMS 0x0000000781c00000, 0x0000000781c00000| Untracked 
|  29|0x0000000781d00000, 0x0000000781d00000, 0x0000000781e00000|  0%| F|  |TAMS 0x0000000781d00000, 0x0000000781d00000| Untracked 
|  30|0x0000000781e00000, 0x0000000781e00000, 0x0000000781f00000|  0%| F|  |TAMS 0x0000000781e00000, 0x0000000781e00000| Untracked 
|  31|0x0000000781f00000, 0x0000000781f00000, 0x0000000782000000|  0%| F|  |TAMS 0x0000000781f00000, 0x0000000781f00000| Untracked 
|  32|0x0000000782000000, 0x0000000782000000, 0x0000000782100000|  0%| F|  |TAMS 0x0000000782000000, 0x0000000782000000| Untracked 
|  33|0x0000000782100000, 0x0000000782100000, 0x0000000782200000|  0%| F|  |TAMS 0x0000000782100000, 0x0000000782100000| Untracked 
|  34|0x0000000782200000, 0x0000000782200000, 0x0000000782300000|  0%| F|  |TAMS 0x0000000782200000, 0x0000000782200000| Untracked 
|  35|0x0000000782300000, 0x0000000782300000, 0x0000000782400000|  0%| F|  |TAMS 0x0000000782300000, 0x0000000782300000| Untracked 
|  36|0x0000000782400000, 0x0000000782400000, 0x0000000782500000|  0%| F|  |TAMS 0x0000000782400000, 0x0000000782400000| Untracked 
|  37|0x0000000782500000, 0x0000000782500000, 0x0000000782600000|  0%| F|  |TAMS 0x0000000782500000, 0x0000000782500000| Untracked 
|  38|0x0000000782600000, 0x0000000782600000, 0x0000000782700000|  0%| F|  |TAMS 0x0000000782600000, 0x0000000782600000| Untracked 
|  39|0x0000000782700000, 0x0000000782700000, 0x0000000782800000|  0%| F|  |TAMS 0x0000000782700000, 0x0000000782700000| Untracked 
|  40|0x0000000782800000, 0x0000000782800000, 0x0000000782900000|  0%| F|  |TAMS 0x0000000782800000, 0x0000000782800000| Untracked 
|  41|0x0000000782900000, 0x0000000782900000, 0x0000000782a00000|  0%| F|  |TAMS 0x0000000782900000, 0x0000000782900000| Untracked 
|  42|0x0000000782a00000, 0x0000000782a00000, 0x0000000782b00000|  0%| F|  |TAMS 0x0000000782a00000, 0x0000000782a00000| Untracked 
|  43|0x0000000782b00000, 0x0000000782b00000, 0x0000000782c00000|  0%| F|  |TAMS 0x0000000782b00000, 0x0000000782b00000| Untracked 
|  44|0x0000000782c00000, 0x0000000782c00000, 0x0000000782d00000|  0%| F|  |TAMS 0x0000000782c00000, 0x0000000782c00000| Untracked 
|  45|0x0000000782d00000, 0x0000000782d00000, 0x0000000782e00000|  0%| F|  |TAMS 0x0000000782d00000, 0x0000000782d00000| Untracked 
|  46|0x0000000782e00000, 0x0000000782e00000, 0x0000000782f00000|  0%| F|  |TAMS 0x0000000782e00000, 0x0000000782e00000| Untracked 
|  47|0x0000000782f00000, 0x0000000782f00000, 0x0000000783000000|  0%| F|  |TAMS 0x0000000782f00000, 0x0000000782f00000| Untracked 
|  48|0x0000000783000000, 0x0000000783000000, 0x0000000783100000|  0%| F|  |TAMS 0x0000000783000000, 0x0000000783000000| Untracked 
|  49|0x0000000783100000, 0x0000000783100000, 0x0000000783200000|  0%| F|  |TAMS 0x0000000783100000, 0x0000000783100000| Untracked 
|  50|0x0000000783200000, 0x0000000783200000, 0x0000000783300000|  0%| F|  |TAMS 0x0000000783200000, 0x0000000783200000| Untracked 
|  51|0x0000000783300000, 0x0000000783300000, 0x0000000783400000|  0%| F|  |TAMS 0x0000000783300000, 0x0000000783300000| Untracked 
|  52|0x0000000783400000, 0x0000000783400000, 0x0000000783500000|  0%| F|  |TAMS 0x0000000783400000, 0x0000000783400000| Untracked 
|  53|0x0000000783500000, 0x0000000783500000, 0x0000000783600000|  0%| F|  |TAMS 0x0000000783500000, 0x0000000783500000| Untracked 
|  54|0x0000000783600000, 0x0000000783600000, 0x0000000783700000|  0%| F|  |TAMS 0x0000000783600000, 0x0000000783600000| Untracked 
|  55|0x0000000783700000, 0x0000000783700000, 0x0000000783800000|  0%| F|  |TAMS 0x0000000783700000, 0x0000000783700000| Untracked 
|  56|0x0000000783800000, 0x0000000783800000, 0x0000000783900000|  0%| F|  |TAMS 0x0000000783800000, 0x0000000783800000| Untracked 
|  57|0x0000000783900000, 0x0000000783900000, 0x0000000783a00000|  0%| F|  |TAMS 0x0000000783900000, 0x0000000783900000| Untracked 
|  58|0x0000000783a00000, 0x0000000783a00000, 0x0000000783b00000|  0%| F|  |TAMS 0x0000000783a00000, 0x0000000783a00000| Untracked 
|  59|0x0000000783b00000, 0x0000000783b00000, 0x0000000783c00000|  0%| F|  |TAMS 0x0000000783b00000, 0x0000000783b00000| Untracked 
|  60|0x0000000783c00000, 0x0000000783c00000, 0x0000000783d00000|  0%| F|  |TAMS 0x0000000783c00000, 0x0000000783c00000| Untracked 
|  61|0x0000000783d00000, 0x0000000783d00000, 0x0000000783e00000|  0%| F|  |TAMS 0x0000000783d00000, 0x0000000783d00000| Untracked 
|  62|0x0000000783e00000, 0x0000000783e00000, 0x0000000783f00000|  0%| F|  |TAMS 0x0000000783e00000, 0x0000000783e00000| Untracked 
|  63|0x0000000783f00000, 0x0000000783f00000, 0x0000000784000000|  0%| F|  |TAMS 0x0000000783f00000, 0x0000000783f00000| Untracked 
|  64|0x0000000784000000, 0x0000000784000000, 0x0000000784100000|  0%| F|  |TAMS 0x0000000784000000, 0x0000000784000000| Untracked 
|  65|0x0000000784100000, 0x0000000784100000, 0x0000000784200000|  0%| F|  |TAMS 0x0000000784100000, 0x0000000784100000| Untracked 
|  66|0x0000000784200000, 0x0000000784200000, 0x0000000784300000|  0%| F|  |TAMS 0x0000000784200000, 0x0000000784200000| Untracked 
|  67|0x0000000784300000, 0x0000000784300000, 0x0000000784400000|  0%| F|  |TAMS 0x0000000784300000, 0x0000000784300000| Untracked 
|  68|0x0000000784400000, 0x0000000784400000, 0x0000000784500000|  0%| F|  |TAMS 0x0000000784400000, 0x0000000784400000| Untracked 
|  69|0x0000000784500000, 0x0000000784500000, 0x0000000784600000|  0%| F|  |TAMS 0x0000000784500000, 0x0000000784500000| Untracked 
|  70|0x0000000784600000, 0x0000000784600000, 0x0000000784700000|  0%| F|  |TAMS 0x0000000784600000, 0x0000000784600000| Untracked 
|  71|0x0000000784700000, 0x0000000784700000, 0x0000000784800000|  0%| F|  |TAMS 0x0000000784700000, 0x0000000784700000| Untracked 
|  72|0x0000000784800000, 0x0000000784800000, 0x0000000784900000|  0%| F|  |TAMS 0x0000000784800000, 0x0000000784800000| Untracked 
|  73|0x0000000784900000, 0x0000000784900000, 0x0000000784a00000|  0%| F|  |TAMS 0x0000000784900000, 0x0000000784900000| Untracked 
|  74|0x0000000784a00000, 0x0000000784a00000, 0x0000000784b00000|  0%| F|  |TAMS 0x0000000784a00000, 0x0000000784a00000| Untracked 
|  75|0x0000000784b00000, 0x0000000784b00000, 0x0000000784c00000|  0%| F|  |TAMS 0x0000000784b00000, 0x0000000784b00000| Untracked 
|  76|0x0000000784c00000, 0x0000000784c00000, 0x0000000784d00000|  0%| F|  |TAMS 0x0000000784c00000, 0x0000000784c00000| Untracked 
|  77|0x0000000784d00000, 0x0000000784d00000, 0x0000000784e00000|  0%| F|  |TAMS 0x0000000784d00000, 0x0000000784d00000| Untracked 
|  78|0x0000000784e00000, 0x0000000784e00000, 0x0000000784f00000|  0%| F|  |TAMS 0x0000000784e00000, 0x0000000784e00000| Untracked 
|  79|0x0000000784f00000, 0x0000000784f00000, 0x0000000785000000|  0%| F|  |TAMS 0x0000000784f00000, 0x0000000784f00000| Untracked 
|  80|0x0000000785000000, 0x0000000785000000, 0x0000000785100000|  0%| F|  |TAMS 0x0000000785000000, 0x0000000785000000| Untracked 
|  81|0x0000000785100000, 0x0000000785100000, 0x0000000785200000|  0%| F|  |TAMS 0x0000000785100000, 0x0000000785100000| Untracked 
|  82|0x0000000785200000, 0x0000000785200000, 0x0000000785300000|  0%| F|  |TAMS 0x0000000785200000, 0x0000000785200000| Untracked 
|  83|0x0000000785300000, 0x0000000785300000, 0x0000000785400000|  0%| F|  |TAMS 0x0000000785300000, 0x0000000785300000| Untracked 
|  84|0x0000000785400000, 0x0000000785400000, 0x0000000785500000|  0%| F|  |TAMS 0x0000000785400000, 0x0000000785400000| Untracked 
|  85|0x0000000785500000, 0x0000000785500000, 0x0000000785600000|  0%| F|  |TAMS 0x0000000785500000, 0x0000000785500000| Untracked 
|  86|0x0000000785600000, 0x0000000785600000, 0x0000000785700000|  0%| F|  |TAMS 0x0000000785600000, 0x0000000785600000| Untracked 
|  87|0x0000000785700000, 0x0000000785700000, 0x0000000785800000|  0%| F|  |TAMS 0x0000000785700000, 0x0000000785700000| Untracked 
|  88|0x0000000785800000, 0x0000000785800000, 0x0000000785900000|  0%| F|  |TAMS 0x0000000785800000, 0x0000000785800000| Untracked 
|  89|0x0000000785900000, 0x0000000785900000, 0x0000000785a00000|  0%| F|  |TAMS 0x0000000785900000, 0x0000000785900000| Untracked 
|  90|0x0000000785a00000, 0x0000000785a00000, 0x0000000785b00000|  0%| F|  |TAMS 0x0000000785a00000, 0x0000000785a00000| Untracked 
|  91|0x0000000785b00000, 0x0000000785b00000, 0x0000000785c00000|  0%| F|  |TAMS 0x0000000785b00000, 0x0000000785b00000| Untracked 
|  92|0x0000000785c00000, 0x0000000785c00000, 0x0000000785d00000|  0%| F|  |TAMS 0x0000000785c00000, 0x0000000785c00000| Untracked 
|  93|0x0000000785d00000, 0x0000000785d00000, 0x0000000785e00000|  0%| F|  |TAMS 0x0000000785d00000, 0x0000000785d00000| Untracked 
|  94|0x0000000785e00000, 0x0000000785e00000, 0x0000000785f00000|  0%| F|  |TAMS 0x0000000785e00000, 0x0000000785e00000| Untracked 
|  95|0x0000000785f00000, 0x0000000785f00000, 0x0000000786000000|  0%| F|  |TAMS 0x0000000785f00000, 0x0000000785f00000| Untracked 
|  96|0x0000000786000000, 0x0000000786000000, 0x0000000786100000|  0%| F|  |TAMS 0x0000000786000000, 0x0000000786000000| Untracked 
|  97|0x0000000786100000, 0x0000000786100000, 0x0000000786200000|  0%| F|  |TAMS 0x0000000786100000, 0x0000000786100000| Untracked 
|  98|0x0000000786200000, 0x0000000786200000, 0x0000000786300000|  0%| F|  |TAMS 0x0000000786200000, 0x0000000786200000| Untracked 
|  99|0x0000000786300000, 0x0000000786300000, 0x0000000786400000|  0%| F|  |TAMS 0x0000000786300000, 0x0000000786300000| Untracked 
| 100|0x0000000786400000, 0x0000000786400000, 0x0000000786500000|  0%| F|  |TAMS 0x0000000786400000, 0x0000000786400000| Untracked 
| 101|0x0000000786500000, 0x0000000786500000, 0x0000000786600000|  0%| F|  |TAMS 0x0000000786500000, 0x0000000786500000| Untracked 
| 102|0x0000000786600000, 0x0000000786600000, 0x0000000786700000|  0%| F|  |TAMS 0x0000000786600000, 0x0000000786600000| Untracked 
| 103|0x0000000786700000, 0x0000000786700000, 0x0000000786800000|  0%| F|  |TAMS 0x0000000786700000, 0x0000000786700000| Untracked 
| 104|0x0000000786800000, 0x0000000786800000, 0x0000000786900000|  0%| F|  |TAMS 0x0000000786800000, 0x0000000786800000| Untracked 
| 105|0x0000000786900000, 0x0000000786900000, 0x0000000786a00000|  0%| F|  |TAMS 0x0000000786900000, 0x0000000786900000| Untracked 
| 106|0x0000000786a00000, 0x0000000786a00000, 0x0000000786b00000|  0%| F|  |TAMS 0x0000000786a00000, 0x0000000786a00000| Untracked 
| 107|0x0000000786b00000, 0x0000000786b00000, 0x0000000786c00000|  0%| F|  |TAMS 0x0000000786b00000, 0x0000000786b00000| Untracked 
| 108|0x0000000786c00000, 0x0000000786c00000, 0x0000000786d00000|  0%| F|  |TAMS 0x0000000786c00000, 0x0000000786c00000| Untracked 
| 109|0x0000000786d00000, 0x0000000786d00000, 0x0000000786e00000|  0%| F|  |TAMS 0x0000000786d00000, 0x0000000786d00000| Untracked 
| 110|0x0000000786e00000, 0x0000000786e00000, 0x0000000786f00000|  0%| F|  |TAMS 0x0000000786e00000, 0x0000000786e00000| Untracked 
| 111|0x0000000786f00000, 0x0000000786f00000, 0x0000000787000000|  0%| F|  |TAMS 0x0000000786f00000, 0x0000000786f00000| Untracked 
| 112|0x0000000787000000, 0x0000000787000000, 0x0000000787100000|  0%| F|  |TAMS 0x0000000787000000, 0x0000000787000000| Untracked 
| 113|0x0000000787100000, 0x0000000787100000, 0x0000000787200000|  0%| F|  |TAMS 0x0000000787100000, 0x0000000787100000| Untracked 
| 114|0x0000000787200000, 0x0000000787200000, 0x0000000787300000|  0%| F|  |TAMS 0x0000000787200000, 0x0000000787200000| Untracked 
| 115|0x0000000787300000, 0x000000078737e590, 0x0000000787400000| 49%| E|  |TAMS 0x0000000787300000, 0x0000000787300000| Complete 
| 116|0x0000000787400000, 0x0000000787500000, 0x0000000787500000|100%| E|CS|TAMS 0x0000000787400000, 0x0000000787400000| Complete 
| 117|0x0000000787500000, 0x0000000787600000, 0x0000000787600000|100%| E|CS|TAMS 0x0000000787500000, 0x0000000787500000| Complete 
| 118|0x0000000787600000, 0x0000000787700000, 0x0000000787700000|100%| E|CS|TAMS 0x0000000787600000, 0x0000000787600000| Complete 
| 119|0x0000000787700000, 0x0000000787800000, 0x0000000787800000|100%| E|  |TAMS 0x0000000787700000, 0x0000000787700000| Complete 
| 120|0x0000000787800000, 0x0000000787900000, 0x0000000787900000|100%| E|CS|TAMS 0x0000000787800000, 0x0000000787800000| Complete 
| 121|0x0000000787900000, 0x0000000787a00000, 0x0000000787a00000|100%| E|CS|TAMS 0x0000000787900000, 0x0000000787900000| Complete 
| 122|0x0000000787a00000, 0x0000000787b00000, 0x0000000787b00000|100%| E|CS|TAMS 0x0000000787a00000, 0x0000000787a00000| Complete 
| 123|0x0000000787b00000, 0x0000000787c00000, 0x0000000787c00000|100%| E|CS|TAMS 0x0000000787b00000, 0x0000000787b00000| Complete 
| 124|0x0000000787c00000, 0x0000000787d00000, 0x0000000787d00000|100%| E|CS|TAMS 0x0000000787c00000, 0x0000000787c00000| Complete 
| 125|0x0000000787d00000, 0x0000000787e00000, 0x0000000787e00000|100%| E|CS|TAMS 0x0000000787d00000, 0x0000000787d00000| Complete 
| 126|0x0000000787e00000, 0x0000000787f00000, 0x0000000787f00000|100%| E|CS|TAMS 0x0000000787e00000, 0x0000000787e00000| Complete 
| 127|0x0000000787f00000, 0x0000000788000000, 0x0000000788000000|100%| E|CS|TAMS 0x0000000787f00000, 0x0000000787f00000| Complete 
|2046|0x00000007ffe00000, 0x00000007ffe78000, 0x00000007fff00000| 46%|OA|  |TAMS 0x00000007ffe00000, 0x00000007ffe00000| Untracked 
|2047|0x00000007fff00000, 0x00000007fff80000, 0x0000000800000000| 50%|CA|  |TAMS 0x00000007fff00000, 0x00000007fff00000| Untracked 

Card table byte_map: [0x0000000102e28000,0x0000000103228000] _byte_map_base: 0x00000000ff228000

Marking Bits (Prev, Next): (CMBitMap*) 0x000000012400b010, (CMBitMap*) 0x000000012400b050
 Prev Bits: [0x000000011b20c000, 0x000000011d20c000)
 Next Bits: [0x000000011d20c000, 0x000000011f20c000)

Polling page: 0x00000001025a0000

Metaspace:

Usage:
  Non-class:      3.55 MB used.
      Class:    253.57 KB used.
       Both:      3.79 MB used.

Virtual space:
  Non-class space:        8.00 MB reserved,       3.62 MB ( 45%) committed,  1 nodes.
      Class space:        1.00 GB reserved,     320.00 KB ( <1%) committed,  1 nodes.
             Both:        1.01 GB reserved,       3.94 MB ( <1%) committed. 

Chunk freelists:
   Non-Class:  1.53 MB
       Class:  3.56 MB
        Both:  5.10 MB

MaxMetaspaceSize: unlimited
CompressedClassSpaceSize: 1.00 GB
Initial GC threshold: 21.00 MB
Current GC threshold: 21.00 MB
CDS: on
MetaspaceReclaimPolicy: balanced
 - commit_granule_bytes: 65536.
 - commit_granule_words: 8192.
 - virtual_space_node_default_size: 1048576.
 - enlarge_chunks_in_place: 1.
 - new_chunks_are_fully_committed: 0.
 - uncommit_free_chunks: 1.
 - use_allocation_guard: 0.
 - handle_deallocations: 1.


Internal statistics:

num_allocs_failed_limit: 0.
num_arena_births: 80.
num_arena_deaths: 0.
num_vsnodes_births: 2.
num_vsnodes_deaths: 0.
num_space_committed: 61.
num_space_uncommitted: 0.
num_chunks_returned_to_freelist: 0.
num_chunks_taken_from_freelist: 203.
num_chunk_merges: 0.
num_chunk_splits: 124.
num_chunks_enlarged: 90.
num_purges: 0.
num_inconsistent_stats: 0.

CodeHeap 'non-profiled nmethods': size=120032Kb used=177Kb max_used=177Kb free=119855Kb
 bounds [0x0000000113cd4000, 0x0000000113f44000, 0x000000011b20c000]
CodeHeap 'profiled nmethods': size=120016Kb used=1164Kb max_used=1164Kb free=118851Kb
 bounds [0x000000010c7a0000, 0x000000010ca10000, 0x0000000113cd4000]
CodeHeap 'non-nmethods': size=5712Kb used=1611Kb max_used=1611Kb free=4100Kb
 bounds [0x000000010c20c000, 0x000000010c47c000, 0x000000010c7a0000]
 total_blobs=1636 nmethods=618 adapters=935
 compilation: enabled
              stopped_count=0, restarted_count=0
 full_count=0

Compilation events (20 events):
Event: 0.728 Thread 0x000000012408c600  613       3       java.util.jar.Attributes::getValue (9 bytes)
Event: 0.728 Thread 0x000000012408c600 nmethod 613 0x000000010c8be510 code [0x000000010c8be700, 0x000000010c8bead8]
Event: 0.728 Thread 0x000000012408c600  615       3       sun.net.www.ParseUtil::match (50 bytes)
Event: 0.728 Thread 0x000000012408c600 nmethod 615 0x000000010c8bec10 code [0x000000010c8bedc0, 0x000000010c8bf028]
Event: 0.728 Thread 0x000000012408c600  614       3       java.util.jar.Attributes::get (11 bytes)
Event: 0.728 Thread 0x000000012408c600 nmethod 614 0x000000010c8bf110 code [0x000000010c8bf2c0, 0x000000010c8bf518]
Event: 0.729 Thread 0x000000012408c600  616       1       java.util.zip.ZipEntry::getName (5 bytes)
Event: 0.729 Thread 0x000000012408c600 nmethod 616 0x0000000113d00110 code [0x0000000113d00280, 0x0000000113d00368]
Event: 0.729 Thread 0x000000012408c600  617       3       java.util.ArrayDeque::inc (12 bytes)
Event: 0.729 Thread 0x000000012408c600 nmethod 617 0x000000010c8bf610 code [0x000000010c8bf7c0, 0x000000010c8bf8e8]
Event: 0.729 Thread 0x000000012408c600  618       3       java.lang.Class::getPackageName (81 bytes)
Event: 0.729 Thread 0x000000012408c600 nmethod 618 0x000000010c8bf990 code [0x000000010c8bfcc0, 0x000000010c8c08d8]
Event: 0.730 Thread 0x000000012408c600  620       3       java.util.zip.ZipFile$ZipFileInflaterInputStream::fill (80 bytes)
Event: 0.730 Thread 0x000000012408c600 nmethod 620 0x000000010c8c0d90 code [0x000000010c8c0f80, 0x000000010c8c13f8]
Event: 0.730 Thread 0x000000012408c600  621   !   3       java.util.zip.ZipFile$ZipFileInputStream::read (135 bytes)
Event: 0.730 Thread 0x000000012408c600 nmethod 621 0x000000010c8c1610 code [0x000000010c8c1880, 0x000000010c8c2068]
Event: 0.730 Thread 0x000000012408c600  622   !   3       java.util.zip.Inflater::setInput (69 bytes)
Event: 0.730 Thread 0x000000012408c600 nmethod 622 0x000000010c8c2410 code [0x000000010c8c2600, 0x000000010c8c2a58]
Event: 0.731 Thread 0x000000012408c600  623   !   3       jdk.internal.ref.PhantomCleanable::insert (53 bytes)
Event: 0.731 Thread 0x000000012408c600 nmethod 623 0x000000010c8c2c10 code [0x000000010c8c2dc0, 0x000000010c8c31a8]

GC Heap History (0 events):
No events

Deoptimization events (20 events):
Event: 0.345 Thread 0x0000000125012000 DEOPT PACKING pc=0x000000010c7d5c7c sp=0x000000016d8da580
Event: 0.345 Thread 0x0000000125012000 DEOPT UNPACKING pc=0x000000010c24ab7c sp=0x000000016d8da270 mode 1
Event: 0.345 Thread 0x0000000125012000 DEOPT PACKING pc=0x000000010c7d5c7c sp=0x000000016d8da580
Event: 0.345 Thread 0x0000000125012000 DEOPT UNPACKING pc=0x000000010c24ab7c sp=0x000000016d8da270 mode 1
Event: 0.345 Thread 0x0000000125012000 DEOPT PACKING pc=0x000000010c7d5c7c sp=0x000000016d8da580
Event: 0.345 Thread 0x0000000125012000 DEOPT UNPACKING pc=0x000000010c24ab7c sp=0x000000016d8da270 mode 1
Event: 0.352 Thread 0x0000000125012000 DEOPT PACKING pc=0x000000010c7d5c7c sp=0x000000016d8de740
Event: 0.352 Thread 0x0000000125012000 DEOPT UNPACKING pc=0x000000010c24ab7c sp=0x000000016d8de430 mode 1
Event: 0.352 Thread 0x0000000125012000 DEOPT PACKING pc=0x000000010c7d5c7c sp=0x000000016d8de740
Event: 0.352 Thread 0x0000000125012000 DEOPT UNPACKING pc=0x000000010c24ab7c sp=0x000000016d8de430 mode 1
Event: 0.352 Thread 0x0000000125012000 DEOPT PACKING pc=0x000000010c7d5c7c sp=0x000000016d8de740
Event: 0.352 Thread 0x0000000125012000 DEOPT UNPACKING pc=0x000000010c24ab7c sp=0x000000016d8de430 mode 1
Event: 0.352 Thread 0x0000000125012000 DEOPT PACKING pc=0x000000010c7d5c7c sp=0x000000016d8de740
Event: 0.352 Thread 0x0000000125012000 DEOPT UNPACKING pc=0x000000010c24ab7c sp=0x000000016d8de430 mode 1
Event: 0.352 Thread 0x0000000125012000 DEOPT PACKING pc=0x000000010c7d5c7c sp=0x000000016d8de740
Event: 0.352 Thread 0x0000000125012000 DEOPT UNPACKING pc=0x000000010c24ab7c sp=0x000000016d8de430 mode 1
Event: 0.352 Thread 0x0000000125012000 DEOPT PACKING pc=0x000000010c7d5c7c sp=0x000000016d8de740
Event: 0.352 Thread 0x0000000125012000 DEOPT UNPACKING pc=0x000000010c24ab7c sp=0x000000016d8de430 mode 1
Event: 0.650 Thread 0x0000000125012000 DEOPT PACKING pc=0x000000010c7b8b54 sp=0x000000016d8dfd40
Event: 0.650 Thread 0x0000000125012000 DEOPT UNPACKING pc=0x000000010c24ab7c sp=0x000000016d8dfa10 mode 3

Classes unloaded (0 events):
No events

Classes redefined (0 events):
No events

Internal exceptions (20 events):
Event: 0.282 Thread 0x0000000125012000 Exception <a 'java/lang/NoSuchMethodError'{0x0000000787dbb258}: 'void java.lang.invoke.DirectMethodHandle$Holder.invokeStatic(java.lang.Object, java.lang.Object)'> (0x0000000787dbb258) 
thrown [src/hotspot/share/interpreter/linkResolver.cpp, line 766]
Event: 0.283 Thread 0x0000000125012000 Exception <a 'java/lang/NoSuchMethodError'{0x0000000787dc0568}: 'void java.lang.invoke.DirectMethodHandle$Holder.invokeSpecial(java.lang.Object, java.lang.Object, java.lang.Object)'> (0x0000000787dc0568) 
thrown [src/hotspot/share/interpreter/linkResolver.cpp, line 766]
Event: 0.288 Thread 0x0000000125012000 Exception <a 'java/lang/NoSuchMethodError'{0x0000000787dd3100}: 'java.lang.Object java.lang.invoke.DirectMethodHandle$Holder.invokeStatic(java.lang.Object, java.lang.Object, int)'> (0x0000000787dd3100) 
thrown [src/hotspot/share/interpreter/linkResolver.cpp, line 766]
Event: 0.289 Thread 0x0000000125012000 Exception <a 'java/lang/NoSuchMethodError'{0x0000000787ddee38}: 'void java.lang.invoke.DelegatingMethodHandle$Holder.delegate(java.lang.Object, java.lang.Object, int, java.lang.Object)'> (0x0000000787ddee38) 
thrown [src/hotspot/share/interpreter/linkResolver.cpp, line 766]
Event: 0.289 Thread 0x0000000125012000 Exception <a 'java/lang/NoSuchMethodError'{0x0000000787de3048}: 'int java.lang.invoke.DirectMethodHandle$Holder.invokeSpecial(java.lang.Object, java.lang.Object, java.lang.Object)'> (0x0000000787de3048) 
thrown [src/hotspot/share/interpreter/linkResolver.cpp, line 766]
Event: 0.331 Thread 0x0000000125012000 Exception <a 'sun/nio/fs/UnixException'{0x0000000787c8abc0}> (0x0000000787c8abc0) 
thrown [src/hotspot/share/prims/jni.cpp, line 516]
Event: 0.347 Thread 0x0000000125012000 Exception <a 'java/lang/NoSuchMethodError'{0x0000000787cce6f8}: 'int java.lang.invoke.DirectMethodHandle$Holder.invokeStaticInit(java.lang.Object, java.lang.Object, int, long)'> (0x0000000787cce6f8) 
thrown [src/hotspot/share/interpreter/linkResolver.cpp, line 766]
Event: 0.347 Thread 0x0000000125012000 Exception <a 'java/lang/NoSuchMethodError'{0x0000000787cd3fc0}: 'java.lang.Object java.lang.invoke.DirectMethodHandle$Holder.newInvokeSpecial(java.lang.Object, java.lang.Object, int)'> (0x0000000787cd3fc0) 
thrown [src/hotspot/share/interpreter/linkResolver.cpp, line 766]
Event: 0.349 Thread 0x0000000125012000 Exception <a 'java/lang/NoSuchMethodError'{0x0000000787ce55d0}: 'int java.lang.invoke.DirectMethodHandle$Holder.invokeStaticInit(java.lang.Object, java.lang.Object, long, long)'> (0x0000000787ce55d0) 
thrown [src/hotspot/share/interpreter/linkResolver.cpp, line 766]
Event: 0.349 Thread 0x0000000125012000 Exception <a 'java/lang/NoSuchMethodError'{0x0000000787ceb6e0}: 'java.lang.Object java.lang.invoke.DirectMethodHandle$Holder.newInvokeSpecial(java.lang.Object, java.lang.Object, long)'> (0x0000000787ceb6e0) 
thrown [src/hotspot/share/interpreter/linkResolver.cpp, line 766]
Event: 0.350 Thread 0x0000000125012000 Exception <a 'java/lang/NoSuchMethodError'{0x0000000787cefeb0}: 'java.lang.Object java.lang.invoke.Invokers$Holder.linkToTargetMethod(java.lang.Object, long, java.lang.Object)'> (0x0000000787cefeb0) 
thrown [src/hotspot/share/interpreter/linkResolver.cpp, line 766]
Event: 0.350 Thread 0x0000000125012000 Exception <a 'java/lang/NoSuchMethodError'{0x0000000787cf75c8}: 'int java.lang.invoke.DirectMethodHandle$Holder.invokeStaticInit(java.lang.Object, java.lang.Object, java.lang.Object, long)'> (0x0000000787cf75c8) 
thrown [src/hotspot/share/interpreter/linkResolver.cpp, line 766]
Event: 0.364 Thread 0x0000000125012000 Exception <a 'sun/nio/fs/UnixException'{0x0000000787bd1010}> (0x0000000787bd1010) 
thrown [src/hotspot/share/prims/jni.cpp, line 516]
Event: 0.378 Thread 0x0000000125012000 Exception <a 'sun/nio/fs/UnixException'{0x0000000787a61100}> (0x0000000787a61100) 
thrown [src/hotspot/share/prims/jni.cpp, line 516]
Event: 0.566 Thread 0x0000000125012000 Exception <a 'java/lang/NoSuchMethodError'{0x0000000787a7e520}: 'void java.lang.invoke.DirectMethodHandle$Holder.invokeStatic(java.lang.Object, long, int)'> (0x0000000787a7e520) 
thrown [src/hotspot/share/interpreter/linkResolver.cpp, line 766]
Event: 0.570 Thread 0x0000000125012000 Exception <a 'java/lang/NoSuchMethodError'{0x0000000787acdb40}: 'void java.lang.invoke.DirectMethodHandle$Holder.invokeStatic(java.lang.Object, long, int, int)'> (0x0000000787acdb40) 
thrown [src/hotspot/share/interpreter/linkResolver.cpp, line 766]
Event: 0.582 Thread 0x0000000125012000 Exception <a 'sun/nio/fs/UnixException'{0x000000078792b0b0}> (0x000000078792b0b0) 
thrown [src/hotspot/share/prims/jni.cpp, line 516]
Event: 0.630 Thread 0x0000000125012000 Exception <a 'sun/nio/fs/UnixException'{0x000000078781c680}> (0x000000078781c680) 
thrown [src/hotspot/share/prims/jni.cpp, line 516]
Event: 0.648 Thread 0x0000000125012000 Exception <a 'java/lang/NoSuchMethodError'{0x000000078772c9d8}: 'void java.lang.invoke.DirectMethodHandle$Holder.invokeStaticInit(java.lang.Object, java.lang.Object)'> (0x000000078772c9d8) 
thrown [src/hotspot/share/interpreter/linkResolver.cpp, line 766]
Event: 0.666 Thread 0x0000000125012000 Exception <a 'sun/nio/fs/UnixException'{0x0000000787420528}> (0x0000000787420528) 
thrown [src/hotspot/share/prims/jni.cpp, line 516]

VM Operations (8 events):
Event: 0.022 Executing VM operation: ChangeBreakpoints
Event: 0.022 Executing VM operation: ChangeBreakpoints done
Event: 0.264 Executing VM operation: HandshakeAllThreads
Event: 0.265 Executing VM operation: HandshakeAllThreads done
Event: 0.321 Executing VM operation: HandshakeAllThreads
Event: 0.321 Executing VM operation: HandshakeAllThreads done
Event: 0.624 Executing VM operation: ChangeBreakpoints
Event: 0.624 Executing VM operation: ChangeBreakpoints done

Events (20 events):
Event: 0.631 Loaded shared library /private/var/folders/xw/7n3w1hv14c3gmtj15fjrt99r0000gp/T/lwjglkatey/3.3.1-build-7/liblwjgl_nanovg.dylib
Event: 0.640 loading class java/lang/AssertionError
Event: 0.641 loading class java/lang/AssertionError done
Event: 0.641 loading class jdk/internal/misc/ScopedMemoryAccess$Scope
Event: 0.642 loading class jdk/internal/misc/ScopedMemoryAccess$Scope done
Event: 0.642 loading class sun/net/ProgressMonitor
Event: 0.642 loading class sun/net/ProgressMonitor done
Event: 0.642 loading class sun/net/DefaultProgressMeteringPolicy
Event: 0.643 loading class sun/net/ProgressMeteringPolicy
Event: 0.643 loading class sun/net/ProgressMeteringPolicy done
Event: 0.643 loading class sun/net/DefaultProgressMeteringPolicy done
Event: 0.645 loading class java/io/CharArrayWriter
Event: 0.645 loading class java/io/CharArrayWriter done
Event: 0.646 loading class java/io/EOFException
Event: 0.646 loading class java/io/EOFException done
Event: 0.647 loading class java/io/SequenceInputStream
Event: 0.647 loading class java/io/SequenceInputStream done
Event: 0.666 Loaded shared library /private/var/folders/xw/7n3w1hv14c3gmtj15fjrt99r0000gp/T/lwjglkatey/3.3.1-build-7/liblwjgl_stb.dylib
Event: 0.729 loading class java/util/NoSuchElementException
Event: 0.729 loading class java/util/NoSuchElementException done


Dynamic libraries:
0x0000000102550000 	/Users/katey/Library/Java/JavaVirtualMachines/corretto-17.0.3/Contents/Home/lib/libjli.dylib
0x00000001b3ec4000 	/usr/lib/libz.1.dylib
0x00000001b3f7b000 	/usr/lib/libSystem.B.dylib
0x00000001b3f75000 	/usr/lib/system/libcache.dylib
0x00000001b3f33000 	/usr/lib/system/libcommonCrypto.dylib
0x00000001b3f5c000 	/usr/lib/system/libcompiler_rt.dylib
0x00000001b3f53000 	/usr/lib/system/libcopyfile.dylib
0x00000001a91bb000 	/usr/lib/system/libcorecrypto.dylib
0x00000001a926e000 	/usr/lib/system/libdispatch.dylib
0x00000001a943c000 	/usr/lib/system/libdyld.dylib
0x00000001b3f6b000 	/usr/lib/system/libkeymgr.dylib
0x00000001b3f0e000 	/usr/lib/system/libmacho.dylib
0x00000001b3603000 	/usr/lib/system/libquarantine.dylib
0x00000001b3f68000 	/usr/lib/system/libremovefile.dylib
0x00000001ae5a4000 	/usr/lib/system/libsystem_asl.dylib
0x00000001a915d000 	/usr/lib/system/libsystem_blocks.dylib
0x00000001a92f6000 	/usr/lib/system/libsystem_c.dylib
0x00000001b3f60000 	/usr/lib/system/libsystem_collections.dylib
0x00000001b2a91000 	/usr/lib/system/libsystem_configuration.dylib
0x00000001b1ced000 	/usr/lib/system/libsystem_containermanager.dylib
0x00000001b3c70000 	/usr/lib/system/libsystem_coreservices.dylib
0x00000001abb64000 	/usr/lib/system/libsystem_darwin.dylib
0x00000001b3f6c000 	/usr/lib/system/libsystem_dnssd.dylib
0x00000001a92f3000 	/usr/lib/system/libsystem_featureflags.dylib
0x00000001a9451000 	/usr/lib/system/libsystem_info.dylib
0x00000001b3ed6000 	/usr/lib/system/libsystem_m.dylib
0x00000001a9243000 	/usr/lib/system/libsystem_malloc.dylib
0x00000001ae533000 	/usr/lib/system/libsystem_networkextension.dylib
0x00000001abfbd000 	/usr/lib/system/libsystem_notify.dylib
0x00000001ba2b9000 	/usr/lib/system/libsystem_product_info_filter.dylib
0x00000001b2a96000 	/usr/lib/system/libsystem_sandbox.dylib
0x00000001b3f65000 	/usr/lib/system/libsystem_secinit.dylib
0x00000001a93f7000 	/usr/lib/system/libsystem_kernel.dylib
0x00000001a9449000 	/usr/lib/system/libsystem_platform.dylib
0x00000001a942f000 	/usr/lib/system/libsystem_pthread.dylib
0x00000001afcfc000 	/usr/lib/system/libsystem_symptoms.dylib
0x00000001a91a1000 	/usr/lib/system/libsystem_trace.dylib
0x00000001b3f40000 	/usr/lib/system/libunwind.dylib
0x00000001a915f000 	/usr/lib/system/libxpc.dylib
0x00000001a93df000 	/usr/lib/libc++abi.dylib
0x00000001a92b5000 	/usr/lib/libobjc.A.dylib
0x00000001b3f4b000 	/usr/lib/liboah.dylib
0x00000001a9378000 	/usr/lib/libc++.1.dylib
0x00000001bfdd2000 	/System/Library/Frameworks/Cocoa.framework/Versions/A/Cocoa
0x00000001ac01e000 	/System/Library/Frameworks/AppKit.framework/Versions/C/AppKit
0x00000001af524000 	/System/Library/Frameworks/CoreData.framework/Versions/A/CoreData
0x00000001aa379000 	/System/Library/Frameworks/Foundation.framework/Versions/C/Foundation
0x00000001aced6000 	/System/Library/PrivateFrameworks/UIFoundation.framework/Versions/A/UIFoundation
0x00000001b9fb3000 	/System/Library/PrivateFrameworks/RemoteViewServices.framework/Versions/A/RemoteViewServices
0x00000001b2439000 	/System/Library/PrivateFrameworks/XCTTargetBootstrap.framework/Versions/A/XCTTargetBootstrap
0x00000001b5cb7000 	/System/Library/PrivateFrameworks/InternationalSupport.framework/Versions/A/InternationalSupport
0x00000001b5d40000 	/System/Library/PrivateFrameworks/UserActivity.framework/Versions/A/UserActivity
0x00000001b51b2000 	/usr/lib/libspindump.dylib
0x00000001ad147000 	/System/Library/Frameworks/UniformTypeIdentifiers.framework/Versions/A/UniformTypeIdentifiers
0x00000001b0984000 	/usr/lib/libapp_launch_measurement.dylib
0x00000001afeae000 	/System/Library/PrivateFrameworks/CoreAnalytics.framework/Versions/A/CoreAnalytics
0x00000001b0987000 	/System/Library/PrivateFrameworks/CoreAutoLayout.framework/Versions/A/CoreAutoLayout
0x00000001b1d2a000 	/System/Library/Frameworks/Metal.framework/Versions/A/Metal
0x00000001b2aa1000 	/usr/lib/liblangid.dylib
0x00000001b243e000 	/System/Library/PrivateFrameworks/CoreSVG.framework/Versions/A/CoreSVG
0x00000001ae5d8000 	/System/Library/PrivateFrameworks/SkyLight.framework/Versions/A/SkyLight
0x00000001ae9ad000 	/System/Library/Frameworks/CoreGraphics.framework/Versions/A/CoreGraphics
0x00000001ba67f000 	/System/Library/Frameworks/Accelerate.framework/Versions/A/Accelerate
0x00000001b4c29000 	/System/Library/PrivateFrameworks/IconServices.framework/Versions/A/IconServices
0x00000001b1d0c000 	/System/Library/Frameworks/IOSurface.framework/Versions/A/IOSurface
0x00000001afedf000 	/usr/lib/libDiagnosticMessagesClient.dylib
0x00000001bdb80000 	/System/Library/Frameworks/ApplicationServices.framework/Versions/A/ApplicationServices
0x00000001b2421000 	/System/Library/PrivateFrameworks/DFRFoundation.framework/Versions/A/DFRFoundation
0x00000001ab8ae000 	/usr/lib/libicucore.A.dylib
0x00000001b6b63000 	/System/Library/Frameworks/AudioToolbox.framework/Versions/A/AudioToolbox
0x00000001b5cc3000 	/System/Library/PrivateFrameworks/DataDetectorsCore.framework/Versions/A/DataDetectorsCore
0x00000001cc603000 	/System/Library/PrivateFrameworks/TextInput.framework/Versions/A/TextInput
0x00000001ae54d000 	/usr/lib/libMobileGestalt.dylib
0x00000001b20ed000 	/System/Library/Frameworks/Carbon.framework/Versions/A/Frameworks/HIToolbox.framework/Versions/A/HIToolbox
0x00000001b0360000 	/System/Library/Frameworks/QuartzCore.framework/Versions/A/QuartzCore
0x00000001ab531000 	/System/Library/Frameworks/Security.framework/Versions/A/Security
0x00000001b9ff3000 	/System/Library/Frameworks/Carbon.framework/Versions/A/Frameworks/SpeechRecognition.framework/Versions/A/SpeechRecognition
0x00000001b06da000 	/System/Library/PrivateFrameworks/CoreUI.framework/Versions/A/CoreUI
0x00000001aae0e000 	/System/Library/Frameworks/CoreAudio.framework/Versions/A/CoreAudio
0x00000001affd4000 	/System/Library/Frameworks/DiskArbitration.framework/Versions/A/DiskArbitration
0x00000001b55bc000 	/System/Library/PrivateFrameworks/MultitouchSupport.framework/Versions/A/MultitouchSupport
0x00000001ae54b000 	/usr/lib/libenergytrace.dylib
0x00000001abee6000 	/System/Library/Frameworks/IOKit.framework/Versions/A/IOKit
0x00000001ba3e2000 	/System/Library/Frameworks/CoreServices.framework/Versions/A/CoreServices
0x00000001b0914000 	/System/Library/PrivateFrameworks/PerformanceAnalysis.framework/Versions/A/PerformanceAnalysis
0x000000020a8eb000 	/System/Library/Frameworks/OpenGL.framework/Versions/A/OpenGL
0x00000001b351b000 	/System/Library/PrivateFrameworks/MobileKeyBag.framework/Versions/A/MobileKeyBag
0x00000001aefba000 	/System/Library/Frameworks/ColorSync.framework/Versions/A/ColorSync
0x00000001a947e000 	/System/Library/Frameworks/CoreFoundation.framework/Versions/A/CoreFoundation
0x00000001b26bd000 	/System/Library/Frameworks/CoreImage.framework/Versions/A/CoreImage
0x00000001aac32000 	/System/Library/Frameworks/CoreText.framework/Versions/A/CoreText
0x00000001b246e000 	/System/Library/Frameworks/ImageIO.framework/Versions/A/ImageIO
0x00000001b3f81000 	/System/Library/PrivateFrameworks/SoftLinking.framework/Versions/A/SoftLinking
0x00000001b09d2000 	/usr/lib/libxml2.2.dylib
0x00000001b421a000 	/usr/lib/libcompression.dylib
0x00000001b5c13000 	/System/Library/PrivateFrameworks/TextureIO.framework/Versions/A/TextureIO
0x00000001b4942000 	/usr/lib/libate.dylib
0x00000001b4807000 	/usr/lib/liblzma.5.dylib
0x00000001aa06d000 	/System/Library/Frameworks/SystemConfiguration.framework/Versions/A/SystemConfiguration
0x00000001b3f7d000 	/usr/lib/libfakelink.dylib
0x00000001ae07f000 	/System/Library/Frameworks/CFNetwork.framework/Versions/A/CFNetwork
0x00000001b40c3000 	/usr/lib/libarchive.2.dylib
0x00000001b2a9d000 	/System/Library/PrivateFrameworks/AppleSystemInfo.framework/Versions/A/AppleSystemInfo
0x00000001b362e000 	/usr/lib/libbsm.0.dylib
0x00000001ad5f0000 	/usr/lib/libnetwork.dylib
0x00000001b3f17000 	/usr/lib/system/libkxld.dylib
0x00000001b3241000 	/System/Library/PrivateFrameworks/IOMobileFramebuffer.framework/Versions/A/IOMobileFramebuffer
0x0000000228217000 	/usr/lib/libCoreEntitlements.dylib
0x00000001b3c52000 	/System/Library/PrivateFrameworks/AppleFSCompression.framework/Versions/A/AppleFSCompression
0x00000001b3616000 	/usr/lib/libcoretls.dylib
0x00000001b4820000 	/usr/lib/libcoretls_cfhelpers.dylib
0x00000001b4215000 	/usr/lib/libpam.2.dylib
0x00000001af913000 	/usr/lib/libsqlite3.dylib
0x00000001b4889000 	/usr/lib/libxar.1.dylib
0x00000001b3c63000 	/usr/lib/libbz2.1.0.dylib
0x00000001b3f82000 	/usr/lib/libpcap.A.dylib
0x00000001afcf3000 	/usr/lib/libdns_services.dylib
0x00000001b41e8000 	/usr/lib/libapple_nghttp2.dylib
0x00000001b3fbf000 	/usr/lib/libiconv.2.dylib
0x00000001b3f0d000 	/usr/lib/libcharset.1.dylib
0x00000001b0950000 	/System/Library/Frameworks/CoreServices.framework/Versions/A/Frameworks/FSEvents.framework/Versions/A/FSEvents
0x00000001abb6f000 	/System/Library/Frameworks/CoreServices.framework/Versions/A/Frameworks/CarbonCore.framework/Versions/A/CarbonCore
0x00000001aff34000 	/System/Library/Frameworks/CoreServices.framework/Versions/A/Frameworks/Metadata.framework/Versions/A/Metadata
0x00000001b3c76000 	/System/Library/Frameworks/CoreServices.framework/Versions/A/Frameworks/OSServices.framework/Versions/A/OSServices
0x00000001b4149000 	/System/Library/Frameworks/CoreServices.framework/Versions/A/Frameworks/SearchKit.framework/Versions/A/SearchKit
0x00000001afc82000 	/System/Library/Frameworks/CoreServices.framework/Versions/A/Frameworks/AE.framework/Versions/A/AE
0x00000001a99c4000 	/System/Library/Frameworks/CoreServices.framework/Versions/A/Frameworks/LaunchServices.framework/Versions/A/LaunchServices
0x00000001b47b0000 	/System/Library/Frameworks/CoreServices.framework/Versions/A/Frameworks/DictionaryServices.framework/Versions/A/DictionaryServices
0x00000001b095d000 	/System/Library/Frameworks/CoreServices.framework/Versions/A/Frameworks/SharedFileList.framework/Versions/A/SharedFileList
0x00000001b3606000 	/usr/lib/libCheckFix.dylib
0x00000001ae5bc000 	/System/Library/PrivateFrameworks/TCC.framework/Versions/A/TCC
0x00000001b2aa3000 	/System/Library/PrivateFrameworks/CoreNLP.framework/Versions/A/CoreNLP
0x00000001afee2000 	/System/Library/PrivateFrameworks/MetadataUtilities.framework/Versions/A/MetadataUtilities
0x00000001aa126000 	/usr/lib/libmecabra.dylib
0x00000001b363f000 	/usr/lib/libmecab.dylib
0x00000001aa0f2000 	/usr/lib/libCRFSuite.dylib
0x00000001b369c000 	/usr/lib/libgermantok.dylib
0x00000001b41c1000 	/usr/lib/libThaiTokenizer.dylib
0x00000001affdc000 	/System/Library/Frameworks/Accelerate.framework/Versions/A/Frameworks/vImage.framework/Versions/A/vImage
0x00000001ba3b9000 	/System/Library/Frameworks/Accelerate.framework/Versions/A/Frameworks/vecLib.framework/Versions/A/vecLib
0x00000001b48ce000 	/System/Library/Frameworks/Accelerate.framework/Versions/A/Frameworks/vecLib.framework/Versions/A/libvMisc.dylib
0x00000001b3148000 	/System/Library/Frameworks/Accelerate.framework/Versions/A/Frameworks/vecLib.framework/Versions/A/libvDSP.dylib
0x00000001a9d4d000 	/System/Library/Frameworks/Accelerate.framework/Versions/A/Frameworks/vecLib.framework/Versions/A/libBLAS.dylib
0x00000001b42eb000 	/System/Library/Frameworks/Accelerate.framework/Versions/A/Frameworks/vecLib.framework/Versions/A/libLAPACK.dylib
0x00000001b369f000 	/System/Library/Frameworks/Accelerate.framework/Versions/A/Frameworks/vecLib.framework/Versions/A/libLinearAlgebra.dylib
0x00000001b4200000 	/System/Library/Frameworks/Accelerate.framework/Versions/A/Frameworks/vecLib.framework/Versions/A/libSparseBLAS.dylib
0x00000001b42e6000 	/System/Library/Frameworks/Accelerate.framework/Versions/A/Frameworks/vecLib.framework/Versions/A/libQuadrature.dylib
0x00000001b2b9c000 	/System/Library/Frameworks/Accelerate.framework/Versions/A/Frameworks/vecLib.framework/Versions/A/libBNNS.dylib
0x00000001aa00b000 	/System/Library/Frameworks/Accelerate.framework/Versions/A/Frameworks/vecLib.framework/Versions/A/libSparse.dylib
0x00000001b2b94000 	/System/Library/PrivateFrameworks/LinguisticData.framework/Versions/A/LinguisticData
0x00000001a9fc3000 	/System/Library/PrivateFrameworks/Lexicon.framework/Versions/A/Lexicon
0x00000001b48c6000 	/usr/lib/libChineseTokenizer.dylib
0x00000001aa76a000 	/System/Library/PrivateFrameworks/LanguageModeling.framework/Versions/A/LanguageModeling
0x00000001b41c3000 	/System/Library/PrivateFrameworks/AppleSauce.framework/Versions/A/AppleSauce
0x00000001b322e000 	/System/Library/PrivateFrameworks/CoreEmoji.framework/Versions/A/CoreEmoji
0x00000001b40b1000 	/usr/lib/libcmph.dylib
0x00000001b0930000 	/System/Library/Frameworks/OpenDirectory.framework/Versions/A/Frameworks/CFOpenDirectory.framework/Versions/A/CFOpenDirectory
0x00000001b0920000 	/System/Library/Frameworks/OpenDirectory.framework/Versions/A/OpenDirectory
0x00000001b4822000 	/System/Library/PrivateFrameworks/APFS.framework/Versions/A/APFS
0x00000001b3556000 	/System/Library/Frameworks/SecurityFoundation.framework/Versions/A/SecurityFoundation
0x00000001b4898000 	/usr/lib/libutil.dylib
0x00000001abea8000 	/System/Library/PrivateFrameworks/CoreServicesStore.framework/Versions/A/CoreServicesStore
0x00000001b489c000 	/usr/lib/libxslt.1.dylib
0x00000001b35ea000 	/System/Library/PrivateFrameworks/BackgroundTaskManagement.framework/Versions/A/BackgroundTaskManagement
0x00000001b5b34000 	/System/Library/Frameworks/ImageIO.framework/Versions/A/Resources/libRadiance.dylib
0x00000001b5b3d000 	/System/Library/Frameworks/ImageIO.framework/Versions/A/Resources/libJPEG.dylib
0x00000001b5a90000 	/System/Library/Frameworks/ImageIO.framework/Versions/A/Resources/libPng.dylib
0x00000001b5ab2000 	/System/Library/Frameworks/ImageIO.framework/Versions/A/Resources/libTIFF.dylib
0x00000001b5b98000 	/System/Library/Frameworks/ImageIO.framework/Versions/A/Resources/libGIF.dylib
0x00000001b54cc000 	/System/Library/Frameworks/ImageIO.framework/Versions/A/Resources/libJP2.dylib
0x00000001b4bee000 	/usr/lib/libexpat.1.dylib
0x00000001b5487000 	/System/Library/PrivateFrameworks/AppleJPEG.framework/Versions/A/AppleJPEG
0x00000001b1fa9000 	/System/Library/PrivateFrameworks/FontServices.framework/libFontParser.dylib
0x00000001afc27000 	/System/Library/PrivateFrameworks/RunningBoardServices.framework/Versions/A/RunningBoardServices
0x00000001c04a5000 	/System/Library/PrivateFrameworks/IOSurfaceAccelerator.framework/Versions/A/IOSurfaceAccelerator
0x00000001b55b8000 	/System/Library/PrivateFrameworks/WatchdogClient.framework/Versions/A/WatchdogClient
0x00000001aa86e000 	/System/Library/Frameworks/CoreDisplay.framework/Versions/A/CoreDisplay
0x00000001b1e93000 	/System/Library/Frameworks/CoreMedia.framework/Versions/A/CoreMedia
0x00000001b1d20000 	/System/Library/PrivateFrameworks/IOAccelerator.framework/Versions/A/IOAccelerator
0x00000001b0ac0000 	/System/Library/Frameworks/CoreVideo.framework/Versions/A/CoreVideo
0x00000001b4213000 	/System/Library/Frameworks/MetalPerformanceShaders.framework/Versions/A/MetalPerformanceShaders
0x00000001b55f7000 	/System/Library/Frameworks/VideoToolbox.framework/Versions/A/VideoToolbox
0x00000001afb6b000 	/System/Library/PrivateFrameworks/BaseBoard.framework/Versions/A/BaseBoard
0x00000001af8f9000 	/System/Library/PrivateFrameworks/ProtocolBuffer.framework/Versions/A/ProtocolBuffer
0x00000001b5b2f000 	/System/Library/PrivateFrameworks/GPUWrangler.framework/Versions/A/GPUWrangler
0x00000001b5b0f000 	/System/Library/PrivateFrameworks/IOPresentment.framework/Versions/A/IOPresentment
0x00000001b5b37000 	/System/Library/PrivateFrameworks/DSExternalDisplay.framework/Versions/A/DSExternalDisplay
0x000000020a8de000 	/System/Library/Frameworks/OpenGL.framework/Versions/A/Libraries/libCoreFSCache.dylib
0x0000000214d9d000 	/System/Library/PrivateFrameworks/GPUCompiler.framework/Versions/31001/Libraries/libGPUCompilerUtils.dylib
0x00000001b5b9d000 	/System/Library/PrivateFrameworks/CMCaptureCore.framework/Versions/A/CMCaptureCore
0x00000001b519f000 	/System/Library/PrivateFrameworks/AppServerSupport.framework/Versions/A/AppServerSupport
0x00000001b7420000 	/System/Library/PrivateFrameworks/perfdata.framework/Versions/A/perfdata
0x00000001aa98e000 	/System/Library/PrivateFrameworks/AudioToolboxCore.framework/Versions/A/AudioToolboxCore
0x00000001b1e6c000 	/System/Library/PrivateFrameworks/caulk.framework/Versions/A/caulk
0x00000001b6d15000 	/usr/lib/libAudioStatistics.dylib
0x00000001c8c6a000 	/System/Library/PrivateFrameworks/SystemPolicy.framework/Versions/A/SystemPolicy
0x00000001b6f81000 	/usr/lib/libSMC.dylib
0x00000001bfcb4000 	/System/Library/Frameworks/CoreMIDI.framework/Versions/A/CoreMIDI
0x00000001b5a5e000 	/usr/lib/libAudioToolboxUtility.dylib
0x00000001c4d37000 	/System/Library/PrivateFrameworks/OSAServicesClient.framework/Versions/A/OSAServicesClient
0x00000001b742d000 	/usr/lib/libperfcheck.dylib
0x00000001c9782000 	/usr/lib/libmis.dylib
0x000000020a940000 	/System/Library/Frameworks/OpenGL.framework/Versions/A/Libraries/libGLU.dylib
0x000000020a8ff000 	/System/Library/Frameworks/OpenGL.framework/Versions/A/Libraries/libGFXShared.dylib
0x000000020aaec000 	/System/Library/Frameworks/OpenGL.framework/Versions/A/Libraries/libGL.dylib
0x000000020a908000 	/System/Library/Frameworks/OpenGL.framework/Versions/A/Libraries/libGLImage.dylib
0x000000020a8fc000 	/System/Library/Frameworks/OpenGL.framework/Versions/A/Libraries/libCVMSPluginSupport.dylib
0x000000020a8e5000 	/System/Library/Frameworks/OpenGL.framework/Versions/A/Libraries/libCoreVMClient.dylib
0x00000001b2a1d000 	/System/Library/Frameworks/MetalPerformanceShaders.framework/Versions/A/Frameworks/MPSCore.framework/Versions/A/MPSCore
0x00000001b3bc5000 	/System/Library/Frameworks/MetalPerformanceShaders.framework/Versions/A/Frameworks/MPSImage.framework/Versions/A/MPSImage
0x00000001b36b4000 	/System/Library/Frameworks/MetalPerformanceShaders.framework/Versions/A/Frameworks/MPSNeuralNetwork.framework/Versions/A/MPSNeuralNetwork
0x00000001b3aed000 	/System/Library/Frameworks/MetalPerformanceShaders.framework/Versions/A/Frameworks/MPSMatrix.framework/Versions/A/MPSMatrix
0x00000001b38c6000 	/System/Library/Frameworks/MetalPerformanceShaders.framework/Versions/A/Frameworks/MPSRayIntersector.framework/Versions/A/MPSRayIntersector
0x00000001b3b1e000 	/System/Library/Frameworks/MetalPerformanceShaders.framework/Versions/A/Frameworks/MPSNDArray.framework/Versions/A/MPSNDArray
0x000000020ca57000 	/System/Library/Frameworks/MetalPerformanceShaders.framework/Versions/A/Frameworks/MPSFunctions.framework/Versions/A/MPSFunctions
0x00000001a9c24000 	/System/Library/PrivateFrameworks/MetalTools.framework/Versions/A/MetalTools
0x00000001b2a9b000 	/System/Library/PrivateFrameworks/AggregateDictionary.framework/Versions/A/AggregateDictionary
0x00000001b49d3000 	/usr/lib/libIOReport.dylib
0x00000001becd2000 	/System/Library/PrivateFrameworks/ASEProcessing.framework/Versions/A/ASEProcessing
0x00000001b4d48000 	/System/Library/PrivateFrameworks/FaceCore.framework/Versions/A/FaceCore
0x00000001b4d3a000 	/System/Library/PrivateFrameworks/GraphVisualizer.framework/Versions/A/GraphVisualizer
0x0000000214cb4000 	/System/Library/PrivateFrameworks/FontServices.framework/Versions/A/FontServices
0x00000001b515b000 	/System/Library/PrivateFrameworks/OTSVG.framework/Versions/A/OTSVG
0x00000001b068a000 	/System/Library/Frameworks/ApplicationServices.framework/Versions/A/Frameworks/ATS.framework/Versions/A/Resources/libFontRegistry.dylib
0x00000001b51a8000 	/System/Library/PrivateFrameworks/FontServices.framework/libhvf.dylib
0x0000000214cb5000 	/System/Library/PrivateFrameworks/FontServices.framework/libXTFontStaticRegistryData.dylib
0x000000020ac8d000 	/System/Library/Frameworks/OpenCL.framework/Versions/A/OpenCL
0x00000001b4ba2000 	/System/Library/PrivateFrameworks/AppleVA.framework/Versions/A/AppleVA
0x00000001b6d3d000 	/System/Library/Frameworks/ApplicationServices.framework/Versions/A/Frameworks/ATS.framework/Versions/A/ATS
0x00000001af0b7000 	/System/Library/Frameworks/ApplicationServices.framework/Versions/A/Frameworks/HIServices.framework/Versions/A/HIServices
0x00000001b5ba7000 	/System/Library/Frameworks/ApplicationServices.framework/Versions/A/Frameworks/PrintCore.framework/Versions/A/PrintCore
0x00000001b70d4000 	/System/Library/Frameworks/ApplicationServices.framework/Versions/A/Frameworks/QD.framework/Versions/A/QD
0x00000001b70cc000 	/System/Library/Frameworks/ApplicationServices.framework/Versions/A/Frameworks/ColorSyncLegacy.framework/Versions/A/ColorSyncLegacy
0x00000001b6d29000 	/System/Library/Frameworks/ApplicationServices.framework/Versions/A/Frameworks/SpeechSynthesis.framework/Versions/A/SpeechSynthesis
0x00000001b5b68000 	/System/Library/Frameworks/ApplicationServices.framework/Versions/A/Frameworks/ATSUI.framework/Versions/A/ATSUI
0x00000001b7061000 	/usr/lib/libcups.2.dylib
0x00000001b743b000 	/System/Library/Frameworks/Kerberos.framework/Versions/A/Kerberos
0x00000001b744c000 	/System/Library/Frameworks/GSS.framework/Versions/A/GSS
0x00000001b6dad000 	/usr/lib/libresolv.9.dylib
0x00000001b51b7000 	/System/Library/PrivateFrameworks/Heimdal.framework/Versions/A/Heimdal
0x00000001bdf07000 	/System/Library/Frameworks/Kerberos.framework/Versions/A/Libraries/libHeimdalProxy.dylib
0x00000001afd05000 	/System/Library/Frameworks/Network.framework/Versions/A/Network
0x00000001b4c09000 	/usr/lib/libheimdal-asn1.dylib
0x00000001b749c000 	/System/Library/PrivateFrameworks/CommonAuth.framework/Versions/A/CommonAuth
0x00000001b6ca3000 	/System/Library/PrivateFrameworks/AudioSession.framework/Versions/A/AudioSession
0x00000001b4c9b000 	/System/Library/PrivateFrameworks/MediaExperience.framework/Versions/A/MediaExperience
0x00000001b6b29000 	/System/Library/PrivateFrameworks/AudioSession.framework/libSessionUtility.dylib
0x00000001b70e0000 	/System/Library/PrivateFrameworks/AudioResourceArbitration.framework/Versions/A/AudioResourceArbitration
0x00000001bb296000 	/System/Library/PrivateFrameworks/PowerLog.framework/Versions/A/PowerLog
0x00000001b4c13000 	/System/Library/PrivateFrameworks/IconFoundation.framework/Versions/A/IconFoundation
0x00000001b9fdf000 	/System/Library/PrivateFrameworks/SpeechRecognitionCore.framework/Versions/A/SpeechRecognitionCore
0x0000000103784000 	/Users/katey/Library/Java/JavaVirtualMachines/corretto-17.0.3/Contents/Home/lib/server/libjvm.dylib
0x00000001025b4000 	/Users/katey/Library/Java/JavaVirtualMachines/corretto-17.0.3/Contents/Home/lib/libjimage.dylib
0x00000001027c8000 	/Users/katey/Library/Java/JavaVirtualMachines/corretto-17.0.3/Contents/Home/lib/libjdwp.dylib
0x0000000102810000 	/Users/katey/Library/Java/JavaVirtualMachines/corretto-17.0.3/Contents/Home/lib/libjava.dylib
0x00000001036b0000 	/Users/katey/Library/Java/JavaVirtualMachines/corretto-17.0.3/Contents/Home/lib/libdt_socket.dylib
0x00000001036e4000 	/Users/katey/Library/Java/JavaVirtualMachines/corretto-17.0.3/Contents/Home/lib/libnio.dylib
0x0000000103728000 	/Users/katey/Library/Java/JavaVirtualMachines/corretto-17.0.3/Contents/Home/lib/libnet.dylib
0x0000000103704000 	/Users/katey/Library/Java/JavaVirtualMachines/corretto-17.0.3/Contents/Home/lib/libzip.dylib
0x0000000121254000 	/private/var/folders/xw/7n3w1hv14c3gmtj15fjrt99r0000gp/T/lwjglkatey/3.3.1-build-7/liblwjgl.dylib
0x000000012120c000 	/private/var/folders/xw/7n3w1hv14c3gmtj15fjrt99r0000gp/T/lwjglkatey/3.3.1-build-7/libglfw.dylib
0x00000001abe6b000 	/System/Library/PrivateFrameworks/CoreServicesInternal.framework/Versions/A/CoreServicesInternal
0x00000001bb4ee000 	/System/Library/Frameworks/FileProvider.framework/Versions/A/FileProvider
0x00000001afad3000 	/System/Library/Frameworks/Accounts.framework/Versions/A/Accounts
0x00000001bb672000 	/System/Library/PrivateFrameworks/GenerationalStorage.framework/Versions/A/GenerationalStorage
0x00000001bc235000 	/System/Library/PrivateFrameworks/CoreSymbolication.framework/Versions/A/CoreSymbolication
0x00000001bb28a000 	/System/Library/PrivateFrameworks/SymptomDiagnosticReporter.framework/Versions/A/SymptomDiagnosticReporter
0x00000001ad15b000 	/System/Library/PrivateFrameworks/DesktopServicesPriv.framework/Versions/A/DesktopServicesPriv
0x00000001abfcd000 	/usr/lib/libsandbox.1.dylib
0x00000001b0b4e000 	/System/Library/PrivateFrameworks/UserManagement.framework/Versions/A/UserManagement
0x00000001bc1f2000 	/System/Library/PrivateFrameworks/DebugSymbols.framework/Versions/A/DebugSymbols
0x00000001b70bf000 	/System/Library/PrivateFrameworks/NetAuth.framework/Versions/A/NetAuth
0x00000001b7fdd000 	/System/Library/PrivateFrameworks/Sharing.framework/Versions/A/Sharing
0x00000001b0b1e000 	/System/Library/PrivateFrameworks/login.framework/Versions/A/Frameworks/loginsupport.framework/Versions/A/loginsupport
0x00000001bd427000 	/System/Library/PrivateFrameworks/Apple80211.framework/Versions/A/Apple80211
0x00000001b3ca9000 	/System/Library/PrivateFrameworks/AuthKit.framework/Versions/A/AuthKit
0x00000001b332a000 	/System/Library/PrivateFrameworks/CoreUtils.framework/Versions/A/CoreUtils
0x00000001b324d000 	/System/Library/Frameworks/CoreWLAN.framework/Versions/A/CoreWLAN
0x00000001b814d000 	/System/Library/Frameworks/IOBluetooth.framework/Versions/A/IOBluetooth
0x00000001bd487000 	/System/Library/PrivateFrameworks/CoreWiFi.framework/Versions/A/CoreWiFi
0x00000001bbdd2000 	/System/Library/PrivateFrameworks/FrontBoardServices.framework/Versions/A/FrontBoardServices
0x00000001bbe6a000 	/System/Library/PrivateFrameworks/BoardServices.framework/Versions/A/BoardServices
0x00000001b3544000 	/System/Library/PrivateFrameworks/AssertionServices.framework/Versions/A/AssertionServices
0x00000001bd604000 	/System/Library/PrivateFrameworks/BackBoardServices.framework/Versions/A/BackBoardServices
0x00000001b7533000 	/System/Library/PrivateFrameworks/CorePhoneNumbers.framework/Versions/A/CorePhoneNumbers
0x00000001bb3ba000 	/System/Library/PrivateFrameworks/DiskManagement.framework/Versions/A/DiskManagement
0x00000001bb2bd000 	/System/Library/PrivateFrameworks/AppleIDAuthSupport.framework/Versions/A/AppleIDAuthSupport
0x000000020f27e000 	/System/Library/PrivateFrameworks/AAAFoundation.framework/Versions/A/AAAFoundation
0x00000001b7512000 	/System/Library/PrivateFrameworks/KeychainCircle.framework/Versions/A/KeychainCircle
0x00000001bb386000 	/System/Library/PrivateFrameworks/MediaKit.framework/Versions/A/MediaKit
0x00000001bb2ca000 	/System/Library/Frameworks/DiscRecording.framework/Versions/A/DiscRecording
0x00000001b4b1e000 	/usr/lib/libCoreStorage.dylib
0x00000001bd901000 	/usr/lib/libcsfde.dylib
0x00000001b8222000 	/System/Library/PrivateFrameworks/ProtectedCloudStorage.framework/Versions/A/ProtectedCloudStorage
0x00000001bd8f9000 	/System/Library/PrivateFrameworks/EFILogin.framework/Versions/A/EFILogin
0x00000001bb699000 	/System/Library/PrivateFrameworks/OctagonTrust.framework/Versions/A/OctagonTrust
0x0000000213e4f000 	/System/Library/PrivateFrameworks/CoreUtilsExtras.framework/Versions/A/CoreUtilsExtras
0x00000001bb1ef000 	/System/Library/Frameworks/CoreBluetooth.framework/Versions/A/CoreBluetooth
0x00000001bdf8c000 	/System/Library/Frameworks/AudioUnit.framework/Versions/A/AudioUnit
0x00000001b4b16000 	/usr/lib/libMatch.1.dylib
0x00000001b0818000 	/System/Library/PrivateFrameworks/ViewBridge.framework/Versions/A/ViewBridge
0x0000000122ab0000 	/usr/lib/libobjc-trampolines.dylib
0x00000001cdc4a000 	/System/Library/Frameworks/Accelerate.framework/Versions/A/Frameworks/vImage.framework/Versions/A/Libraries/libCGInterfaces.dylib
0x00000001b527a000 	/System/Library/PrivateFrameworks/login.framework/Versions/A/login
0x000000020aaf6000 	/System/Library/Frameworks/OpenGL.framework/Versions/A/Resources/GLEngine.bundle/GLEngine
0x000000020a97e000 	/System/Library/Frameworks/OpenGL.framework/Versions/A/Libraries/libGLProgrammability.dylib
0x000000012763c000 	/System/Library/Extensions/AppleMetalOpenGLRenderer.bundle/Contents/MacOS/AppleMetalOpenGLRenderer
0x000000020ac65000 	/System/Library/Frameworks/OpenGL.framework/Versions/A/Resources/GLRendererFloat.bundle/GLRendererFloat
0x000000020ad65000 	/System/Library/Extensions/AGXMetal13_3.bundle/Contents/MacOS/AGXMetal13_3
0x00000001c979e000 	/System/Library/PrivateFrameworks/GPURawCounter.framework/Versions/A/GPURawCounter
0x00000001c3ea8000 	/System/Library/PrivateFrameworks/IOGPU.framework/Versions/A/IOGPU
0x00000001441a0000 	/private/var/folders/xw/7n3w1hv14c3gmtj15fjrt99r0000gp/T/lwjglkatey/3.3.1-build-7/liblwjgl_opengl.dylib
0x0000000144238000 	/private/var/folders/xw/7n3w1hv14c3gmtj15fjrt99r0000gp/T/lwjglkatey/3.3.1-build-7/liblwjgl_nanovg.dylib
0x0000000144320000 	/private/var/folders/xw/7n3w1hv14c3gmtj15fjrt99r0000gp/T/lwjglkatey/3.3.1-build-7/liblwjgl_stb.dylib


VM Arguments:
jvm_args: -agentlib:jdwp=transport=dt_socket,server=n,suspend=y,address=127.0.0.1:54428 -Dfile.encoding=UTF-8 -Duser.country=US -Duser.language=en -Duser.variant 
java_command: net.prismclient.aether.Example
java_class_path (initial): /Users/katey/Documents/GitHub/Aether-UI/build/classes/java/test:/Users/katey/Documents/GitHub/Aether-UI/build/classes/kotlin/test:/Users/katey/Documents/GitHub/Aether-UI/build/resources/test:/Users/katey/Documents/GitHub/Aether-UI/build/classes/java/main:/Users/katey/Documents/GitHub/Aether-UI/build/classes/kotlin/main:/Users/katey/Documents/GitHub/Aether-UI/build/resources/main:/Users/katey/.gradle/caches/modules-2/files-2.1/org.jetbrains.kotlin/kotlin-stdlib/1.6.10/b8af3fe6f1ca88526914929add63cf5e7c5049af/kotlin-stdlib-1.6.10.jar:/Users/katey/.gradle/caches/modules-2/files-2.1/com.google.code.gson/gson/2.9.0/8a1167e089096758b49f9b34066ef98b2f4b37aa/gson-2.9.0.jar:/Users/katey/.gradle/caches/modules-2/files-2.1/commons-io/commons-io/2.11.0/a2503f302b11ebde7ebc3df41daebe0e4eea3689/commons-io-2.11.0.jar:/Users/katey/.gradle/caches/modules-2/files-2.1/org.lwjgl/lwjgl-assimp/3.3.1/312072f451794f25670aebb0160ce6ec88aff842/lwjgl-assimp-3.3.1.jar:/Users/katey/.gradle/caches/modules-2/files-2.1/org.lwjgl/lwjgl-assimp/3.3.1/edfd67e46c26548cab370aee06ae012e6d292a03/lwjgl-assimp-3.3.1-natives-macos-arm64.jar:/Users/katey/.gradle/caches/modules-2/files-2.1/org.lwjgl/lwjgl-glfw/3.3.1/cbac1b8d30cb4795149c1ef540f912671a8616d0/lwjgl-glfw-3.3.1.jar:/Users/katey/.gradle/caches/modules-2/files-2.1/org.lwjgl/lwjgl-glfw/3.3.1/cac0d3f712a3da7641fa174735a5f315de7ffe0a/lwjgl-glfw-3.3.1-natives-macos-arm64.jar:/Users/katey/.gradle/caches/modules-2/files-2.1/org.lwjgl/lwjgl-nanovg/3.3.1/2f3b4d8f9b8de598517f105ce7e68560f25f11c6/lwjgl-nanovg-3.3.1.jar:/Users/katey/.gradle/caches/modules-2/files-2.1/org.lwjgl/lwjgl-nanovg/3.3.1/550ca0eeb091ac49341d9a39feca3273b02d69af/lwjgl-nanovg-3.3.1-natives-macos-arm64.jar:/Users/katey/.gradle/caches/modules-2/files-2.1/org.lwjgl/lwjgl-openal/3.3.1/2623a6b8ae1dfcd880738656a9f0243d2e6840bd/lwjgl-openal-3.3.1.jar:/Users/katey/.gradle/caches/modules-2/files-2.1/org.lwjgl/lwjgl-openal/3.3.1/23d55e7490b57495320f6c9e1936d78fd72c4ef8/
Launcher Type: SUN_STANDARD

[Global flags]
     intx CICompilerCount                          = 4                                         {product} {ergonomic}
     uint ConcGCThreads                            = 2                                         {product} {ergonomic}
     uint G1ConcRefinementThreads                  = 8                                         {product} {ergonomic}
   size_t G1HeapRegionSize                         = 1048576                                   {product} {ergonomic}
    uintx GCDrainStackTargetSize                   = 64                                        {product} {ergonomic}
   size_t InitialHeapSize                          = 134217728                                 {product} {ergonomic}
   size_t MarkStackSize                            = 4194304                                   {product} {ergonomic}
   size_t MaxHeapSize                              = 2147483648                                {product} {ergonomic}
   size_t MaxNewSize                               = 1287651328                                {product} {ergonomic}
   size_t MinHeapDeltaBytes                        = 1048576                                   {product} {ergonomic}
   size_t MinHeapSize                              = 8388608                                   {product} {ergonomic}
    uintx NonNMethodCodeHeapSize                   = 5839564                                {pd product} {ergonomic}
    uintx NonProfiledCodeHeapSize                  = 122909338                              {pd product} {ergonomic}
    uintx ProfiledCodeHeapSize                     = 122909338                              {pd product} {ergonomic}
    uintx ReservedCodeCacheSize                    = 251658240                              {pd product} {ergonomic}
     bool SegmentedCodeCache                       = true                                      {product} {ergonomic}
   size_t SoftMaxHeapSize                          = 2147483648                             {manageable} {ergonomic}
     bool UseCompressedClassPointers               = true                           {product lp64_product} {ergonomic}
     bool UseCompressedOops                        = true                           {product lp64_product} {ergonomic}
     bool UseG1GC                                  = true                                      {product} {ergonomic}
     bool UseNUMA                                  = false                                     {product} {ergonomic}
     bool UseNUMAInterleaving                      = false                                     {product} {ergonomic}

Logging:
Log output configuration:
 #0: stdout all=warning uptime,level,tags
 #1: stderr all=off uptime,level,tags

Environment Variables:
PATH=/usr/local/bin:/usr/bin:/bin:/usr/sbin:/sbin
SHELL=/bin/zsh
LC_CTYPE=en_US.UTF-8

Signal Handlers:
   SIGSEGV: _ZL13crash_handleriP9__siginfoPv in libjvm.dylib, mask=11100110000111110111111111111111, flags=SA_RESTART|SA_SIGINFO
    SIGBUS: _ZL13crash_handleriP9__siginfoPv in libjvm.dylib, mask=11100110000111110111111111111111, flags=SA_RESTART|SA_SIGINFO
    SIGFPE: _ZL13crash_handleriP9__siginfoPv in libjvm.dylib, mask=11100110000111110111111111111111, flags=SA_RESTART|SA_SIGINFO
   SIGPIPE: _ZL17javaSignalHandleriP9__siginfoPv in libjvm.dylib, mask=11100110000111110111111111111111, flags=SA_RESTART|SA_SIGINFO
   SIGXFSZ: _ZL17javaSignalHandleriP9__siginfoPv in libjvm.dylib, mask=11100110000111110111111111111111, flags=SA_RESTART|SA_SIGINFO
    SIGILL: _ZL13crash_handleriP9__siginfoPv in libjvm.dylib, mask=11100110000111110111111111111111, flags=SA_RESTART|SA_SIGINFO
   SIGUSR2: _ZL10SR_handleriP9__siginfoP17__darwin_ucontext in libjvm.dylib, mask=00100000000000000000000000000000, flags=SA_RESTART|SA_SIGINFO
    SIGHUP: _ZL11UserHandleriPvS_ in libjvm.dylib, mask=11100110000111110111111111111111, flags=SA_RESTART|SA_SIGINFO
    SIGINT: _ZL11UserHandleriPvS_ in libjvm.dylib, mask=11100110000111110111111111111111, flags=SA_RESTART|SA_SIGINFO
   SIGTERM: _ZL11UserHandleriPvS_ in libjvm.dylib, mask=11100110000111110111111111111111, flags=SA_RESTART|SA_SIGINFO
   SIGQUIT: _ZL11UserHandleriPvS_ in libjvm.dylib, mask=11100110000111110111111111111111, flags=SA_RESTART|SA_SIGINFO
  *** Handler was modified!
  *** Expected: _ZL17javaSignalHandleriP9__siginfoPv in libjvm.dylib, mask=11100110100111111111111111111111, flags=SA_RESTART|SA_SIGINFO
   SIGTRAP: _ZL13crash_handleriP9__siginfoPv in libjvm.dylib, mask=11100110000111110111111111111111, flags=SA_RESTART|SA_SIGINFO


---------------  S Y S T E M  ---------------

OS:
uname: Darwin 21.4.0 Darwin Kernel Version 21.4.0: Mon Feb 21 20:36:53 PST 2022; root:xnu-8020.101.4~2/RELEASE_ARM64_T8101 arm64
OS uptime: 5 days 23:21 hours
rlimit (soft/hard): STACK 8176k/65520k , CORE 0k/infinity , NPROC 1333/2000 , NOFILE 10240/infinity , AS infinity/infinity , CPU infinity/infinity , DATA infinity/infinity , FSIZE infinity/infinity , MEMLOCK infinity/infinity , RSS infinity/infinity
load average: 5.21 4.69 4.42

CPU: total 8 (initial active 8) 0x61:0x0:0x1b588bb3:0, fp, simd, crc, lse

Memory: 16k page, physical 8388608k(192384k free), swap 3145728k(475648k free)

vm_info: OpenJDK 64-Bit Server VM (17.0.3+6-LTS) for bsd-aarch64 JRE (17.0.3+6-LTS), built on Apr 16 2022 17:14:31 by "jenkins" with clang Apple LLVM 13.0.0 (clang-1300.0.29.30)

END.
